{"level":"info","message":"Arrow loaded: 'feature' - 'menu'","timestamp":"2016-03-05T04:28:38.166Z"}
{"level":"info","message":"Arrow loaded: 'feature' - 'blog'","timestamp":"2016-03-05T04:28:38.171Z"}
{"level":"info","message":"Arrow loaded: 'feature' - 'configuration'","timestamp":"2016-03-05T04:28:38.182Z"}
{"level":"info","message":"Arrow loaded: 'feature' - 'dashboard'","timestamp":"2016-03-05T04:28:38.183Z"}
{"level":"info","message":"Arrow loaded: 'feature' - 'login'","timestamp":"2016-03-05T04:28:38.184Z"}
{"level":"info","message":"Arrow loaded: 'feature' - 'category'","timestamp":"2016-03-05T04:28:38.184Z"}
{"level":"info","message":"Arrow loaded: 'feature' - 'plugins'","timestamp":"2016-03-05T04:28:38.185Z"}
{"level":"info","message":"Arrow loaded: 'feature' - 'roles'","timestamp":"2016-03-05T04:28:38.185Z"}
{"level":"info","message":"Arrow loaded: 'feature' - 'upload'","timestamp":"2016-03-05T04:28:38.187Z"}
{"level":"info","message":"Arrow loaded: 'feature' - 'users'","timestamp":"2016-03-05T04:28:38.190Z"}
{"level":"info","message":"Arrow loaded: 'feature' - 'widgets'","timestamp":"2016-03-05T04:28:38.203Z"}
{"level":"info","message":"Arrow loaded: 'widget' - 'categories'","timestamp":"2016-03-05T04:28:38.204Z"}
{"level":"info","message":"Arrow loaded: 'widget' - 'custom_html'","timestamp":"2016-03-05T04:28:38.204Z"}
{"level":"info","message":"Arrow loaded: 'widget' - 'facebook_comments'","timestamp":"2016-03-05T04:28:38.205Z"}
{"level":"info","message":"Arrow loaded: 'widget' - 'facebook_like'","timestamp":"2016-03-05T04:28:38.205Z"}
{"level":"info","message":"Arrow loaded: 'widget' - 'facebook_share'","timestamp":"2016-03-05T04:28:38.205Z"}
{"level":"info","message":"Arrow loaded: 'widget' - 'menus'","timestamp":"2016-03-05T04:28:38.205Z"}
{"level":"info","message":"Arrow loaded: 'widget' - 'picked_posts'","timestamp":"2016-03-05T04:28:38.205Z"}
{"level":"info","message":"Arrow loaded: 'widget' - 'recent_posts'","timestamp":"2016-03-05T04:28:38.205Z"}
{"level":"info","message":"Arrow loaded: 'widget' - 'search'","timestamp":"2016-03-05T04:28:38.206Z"}
{"level":"info","message":"Arrow loaded: 'plugin' - 'facebook'","timestamp":"2016-03-05T04:28:38.206Z"}
{"level":"info","message":"Arrow loaded: 'plugin' - 'google_analytics'","timestamp":"2016-03-05T04:28:38.206Z"}
{"level":"info","message":"Arrow loaded: 'plugin' - 'seo'","timestamp":"2016-03-05T04:28:38.206Z"}
{"level":"info","message":"Application loaded using the \"development\" environment configuration","timestamp":"2016-03-05T04:28:38.211Z"}
{"level":"info","message":"Application started on port 1506 , Process ID: 1991","timestamp":"2016-03-05T04:28:38.211Z"}
{"level":"error","message":"Database connect error : Check your database config in file config/env/development.js","timestamp":"2016-03-09T03:10:30.497Z"}
{"level":"error","message":"Database connect error : database \"quiz_doanhttt\" does not exist","timestamp":"2016-03-09T03:10:30.499Z"}
{"level":"error","message":"Database connect error : Check your database config in file config/env/development.js","timestamp":"2016-03-09T03:10:30.499Z"}
{"level":"error","message":"Database connect error : database \"quiz_doanhttt\" does not exist","timestamp":"2016-03-09T03:10:30.499Z"}
{"level":"error","message":"Database connect error : Check your database config in file config/env/development.js","timestamp":"2016-03-09T03:10:30.500Z"}
{"level":"error","message":"Database connect error : database \"quiz_doanhttt\" does not exist","timestamp":"2016-03-09T03:10:30.500Z"}
{"level":"error","message":"Database connect error : Check your database config in file config/env/development.js","timestamp":"2016-03-09T03:10:30.500Z"}
{"level":"error","message":"Database connect error : database \"quiz_doanhttt\" does not exist","timestamp":"2016-03-09T03:10:30.500Z"}
{"level":"error","message":"Database connect error : Check your database config in file config/env/development.js","timestamp":"2016-03-09T03:10:30.500Z"}
{"level":"error","message":"Database connect error : database \"quiz_doanhttt\" does not exist","timestamp":"2016-03-09T03:10:30.500Z"}
{"level":"error","message":"Database connect error : Check your database config in file config/env/development.js","timestamp":"2016-03-09T03:10:30.501Z"}
{"level":"error","message":"Database connect error : database \"quiz_doanhttt\" does not exist","timestamp":"2016-03-09T03:10:30.501Z"}
{"level":"error","message":"Database connect error : Check your database config in file config/env/development.js","timestamp":"2016-03-09T03:10:30.501Z"}
{"level":"error","message":"Database connect error : database \"quiz_doanhttt\" does not exist","timestamp":"2016-03-09T03:10:30.501Z"}
{"level":"error","message":"Database connect error : Check your database config in file config/env/development.js","timestamp":"2016-03-09T03:10:30.501Z"}
{"level":"error","message":"Database connect error : database \"quiz_doanhttt\" does not exist","timestamp":"2016-03-09T03:10:30.502Z"}
{"level":"error","message":"Database connect error : Check your database config in file config/env/development.js","timestamp":"2016-03-09T03:10:30.502Z"}
{"level":"error","message":"Database connect error : database \"quiz_doanhttt\" does not exist","timestamp":"2016-03-09T03:10:30.502Z"}
{"level":"error","message":"Database connect error : Check your database config in file config/env/development.js","timestamp":"2016-03-09T03:10:30.502Z"}
{"level":"error","message":"Database connect error : database \"quiz_doanhttt\" does not exist","timestamp":"2016-03-09T03:10:30.502Z"}
{"level":"error","message":"Database connect error : Check your database config in file config/env/development.js","timestamp":"2016-03-09T03:10:30.502Z"}
{"level":"error","message":"Database connect error : database \"quiz_doanhttt\" does not exist","timestamp":"2016-03-09T03:10:30.503Z"}
{"level":"error","message":"Database connect error : Check your database config in file config/env/development.js","timestamp":"2016-03-09T03:10:30.503Z"}
{"level":"error","message":"Database connect error : database \"quiz_doanhttt\" does not exist","timestamp":"2016-03-09T03:10:30.503Z"}
{"level":"error","message":"Database connect error : Check your database config in file config/env/development.js","timestamp":"2016-03-09T03:10:30.503Z"}
{"level":"error","message":"Database connect error : database \"quiz_doanhttt\" does not exist","timestamp":"2016-03-09T03:10:30.503Z"}
{"level":"error","message":"Database connect error : Check your database config in file config/env/development.js","timestamp":"2016-03-09T03:10:30.503Z"}
{"level":"error","message":"Database connect error : database \"quiz_doanhttt\" does not exist","timestamp":"2016-03-09T03:10:30.503Z"}
{"level":"error","message":"Database connect error : Check your database config in file config/env/development.js","timestamp":"2016-03-09T03:10:30.504Z"}
{"level":"error","message":"Database connect error : database \"quiz_doanhttt\" does not exist","timestamp":"2016-03-09T03:10:30.504Z"}
{"level":"error","message":"Database connect error : Check your database config in file config/env/development.js","timestamp":"2016-03-09T03:10:30.504Z"}
{"level":"error","message":"Database connect error : database \"quiz_doanhttt\" does not exist","timestamp":"2016-03-09T03:10:30.504Z"}
{"level":"error","message":"Database connect error : Check your database config in file config/env/development.js","timestamp":"2016-03-09T03:10:30.504Z"}
{"level":"error","message":"Database connect error : database \"quiz_doanhttt\" does not exist","timestamp":"2016-03-09T03:10:30.504Z"}
{"level":"info","message":"Arrow loaded: 'feature' - 'plugins'","timestamp":"2016-03-09T03:10:30.614Z"}
{"level":"info","message":"Arrow loaded: 'feature' - 'blog'","timestamp":"2016-03-09T03:10:30.617Z"}
{"level":"info","message":"Arrow loaded: 'feature' - 'configuration'","timestamp":"2016-03-09T03:10:30.635Z"}
{"level":"info","message":"Arrow loaded: 'feature' - 'dashboard'","timestamp":"2016-03-09T03:10:30.636Z"}
{"level":"info","message":"Arrow loaded: 'feature' - 'login'","timestamp":"2016-03-09T03:10:30.636Z"}
{"level":"info","message":"Arrow loaded: 'feature' - 'menu'","timestamp":"2016-03-09T03:10:30.637Z"}
{"level":"info","message":"Arrow loaded: 'feature' - 'category'","timestamp":"2016-03-09T03:10:30.639Z"}
{"level":"info","message":"Arrow loaded: 'feature' - 'quiz'","timestamp":"2016-03-09T03:10:30.639Z"}
{"level":"info","message":"Arrow loaded: 'feature' - 'roles'","timestamp":"2016-03-09T03:10:30.642Z"}
{"level":"info","message":"Arrow loaded: 'feature' - 'upload'","timestamp":"2016-03-09T03:10:30.646Z"}
{"level":"info","message":"Arrow loaded: 'feature' - 'users'","timestamp":"2016-03-09T03:10:30.648Z"}
{"level":"info","message":"Arrow loaded: 'feature' - 'widgets'","timestamp":"2016-03-09T03:10:30.651Z"}
{"level":"info","message":"Arrow loaded: 'widget' - 'categories'","timestamp":"2016-03-09T03:10:30.652Z"}
{"level":"info","message":"Arrow loaded: 'widget' - 'custom_html'","timestamp":"2016-03-09T03:10:30.652Z"}
{"level":"info","message":"Arrow loaded: 'widget' - 'facebook_comments'","timestamp":"2016-03-09T03:10:30.655Z"}
{"level":"info","message":"Arrow loaded: 'widget' - 'facebook_like'","timestamp":"2016-03-09T03:10:30.655Z"}
{"level":"info","message":"Arrow loaded: 'widget' - 'facebook_share'","timestamp":"2016-03-09T03:10:30.655Z"}
{"level":"info","message":"Arrow loaded: 'widget' - 'menus'","timestamp":"2016-03-09T03:10:30.655Z"}
{"level":"info","message":"Arrow loaded: 'widget' - 'picked_posts'","timestamp":"2016-03-09T03:10:30.656Z"}
{"level":"info","message":"Arrow loaded: 'widget' - 'recent_posts'","timestamp":"2016-03-09T03:10:30.656Z"}
{"level":"info","message":"Arrow loaded: 'widget' - 'search'","timestamp":"2016-03-09T03:10:30.656Z"}
{"level":"info","message":"Arrow loaded: 'plugin' - 'facebook'","timestamp":"2016-03-09T03:10:30.656Z"}
{"level":"info","message":"Arrow loaded: 'plugin' - 'google_analytics'","timestamp":"2016-03-09T03:10:30.656Z"}
{"level":"info","message":"Arrow loaded: 'plugin' - 'seo'","timestamp":"2016-03-09T03:10:30.656Z"}
{"level":"info","message":"Application loaded using the \"development\" environment configuration","timestamp":"2016-03-09T03:10:30.661Z"}
{"level":"info","message":"Application started on port 1506 , Process ID: 1772","timestamp":"2016-03-09T03:10:30.661Z"}
{"level":"info","message":"Arrow loaded: 'feature' - 'plugins'","timestamp":"2016-03-09T03:10:54.884Z"}
{"level":"info","message":"Arrow loaded: 'feature' - 'blog'","timestamp":"2016-03-09T03:10:54.888Z"}
{"level":"info","message":"Arrow loaded: 'feature' - 'configuration'","timestamp":"2016-03-09T03:10:54.896Z"}
{"level":"info","message":"Arrow loaded: 'feature' - 'dashboard'","timestamp":"2016-03-09T03:10:54.897Z"}
{"level":"info","message":"Arrow loaded: 'feature' - 'login'","timestamp":"2016-03-09T03:10:54.897Z"}
{"level":"info","message":"Arrow loaded: 'feature' - 'menu'","timestamp":"2016-03-09T03:10:54.898Z"}
{"level":"info","message":"Arrow loaded: 'feature' - 'category'","timestamp":"2016-03-09T03:10:54.909Z"}
{"level":"info","message":"Arrow loaded: 'feature' - 'quiz'","timestamp":"2016-03-09T03:10:54.909Z"}
{"level":"info","message":"Arrow loaded: 'feature' - 'roles'","timestamp":"2016-03-09T03:10:54.912Z"}
{"level":"info","message":"Arrow loaded: 'feature' - 'upload'","timestamp":"2016-03-09T03:10:54.914Z"}
{"level":"info","message":"Arrow loaded: 'feature' - 'users'","timestamp":"2016-03-09T03:10:54.917Z"}
{"level":"info","message":"Arrow loaded: 'feature' - 'widgets'","timestamp":"2016-03-09T03:10:54.922Z"}
{"level":"info","message":"Arrow loaded: 'widget' - 'categories'","timestamp":"2016-03-09T03:10:54.924Z"}
{"level":"info","message":"Arrow loaded: 'widget' - 'custom_html'","timestamp":"2016-03-09T03:10:54.924Z"}
{"level":"info","message":"Arrow loaded: 'widget' - 'facebook_comments'","timestamp":"2016-03-09T03:10:54.924Z"}
{"level":"info","message":"Arrow loaded: 'widget' - 'facebook_like'","timestamp":"2016-03-09T03:10:54.924Z"}
{"level":"info","message":"Arrow loaded: 'widget' - 'facebook_share'","timestamp":"2016-03-09T03:10:54.924Z"}
{"level":"info","message":"Arrow loaded: 'widget' - 'menus'","timestamp":"2016-03-09T03:10:54.924Z"}
{"level":"info","message":"Arrow loaded: 'widget' - 'picked_posts'","timestamp":"2016-03-09T03:10:54.924Z"}
{"level":"info","message":"Arrow loaded: 'widget' - 'recent_posts'","timestamp":"2016-03-09T03:10:54.924Z"}
{"level":"info","message":"Arrow loaded: 'widget' - 'search'","timestamp":"2016-03-09T03:10:54.925Z"}
{"level":"info","message":"Arrow loaded: 'plugin' - 'facebook'","timestamp":"2016-03-09T03:10:54.925Z"}
{"level":"info","message":"Arrow loaded: 'plugin' - 'google_analytics'","timestamp":"2016-03-09T03:10:54.925Z"}
{"level":"info","message":"Arrow loaded: 'plugin' - 'seo'","timestamp":"2016-03-09T03:10:54.925Z"}
{"level":"info","message":"Application loaded using the \"development\" environment configuration","timestamp":"2016-03-09T03:10:54.930Z"}
{"level":"info","message":"Application started on port 1506 , Process ID: 1789","timestamp":"2016-03-09T03:10:54.930Z"}
{"level":"info","message":"Arrow loaded: 'feature' - 'plugins'","timestamp":"2016-03-09T03:12:07.103Z"}
{"level":"info","message":"Arrow loaded: 'feature' - 'blog'","timestamp":"2016-03-09T03:12:07.107Z"}
{"level":"info","message":"Arrow loaded: 'feature' - 'configuration'","timestamp":"2016-03-09T03:12:07.117Z"}
{"level":"info","message":"Arrow loaded: 'feature' - 'dashboard'","timestamp":"2016-03-09T03:12:07.118Z"}
{"level":"info","message":"Arrow loaded: 'feature' - 'login'","timestamp":"2016-03-09T03:12:07.119Z"}
{"level":"info","message":"Arrow loaded: 'feature' - 'menu'","timestamp":"2016-03-09T03:12:07.120Z"}
{"level":"info","message":"Arrow loaded: 'feature' - 'category'","timestamp":"2016-03-09T03:12:07.123Z"}
{"level":"info","message":"Arrow loaded: 'feature' - 'quiz'","timestamp":"2016-03-09T03:12:07.124Z"}
{"level":"info","message":"Arrow loaded: 'feature' - 'roles'","timestamp":"2016-03-09T03:12:07.126Z"}
{"level":"info","message":"Arrow loaded: 'feature' - 'upload'","timestamp":"2016-03-09T03:12:07.129Z"}
{"level":"info","message":"Arrow loaded: 'feature' - 'users'","timestamp":"2016-03-09T03:12:07.131Z"}
{"level":"info","message":"Arrow loaded: 'feature' - 'widgets'","timestamp":"2016-03-09T03:12:07.135Z"}
{"level":"info","message":"Arrow loaded: 'widget' - 'categories'","timestamp":"2016-03-09T03:12:07.135Z"}
{"level":"info","message":"Arrow loaded: 'widget' - 'custom_html'","timestamp":"2016-03-09T03:12:07.136Z"}
{"level":"info","message":"Arrow loaded: 'widget' - 'facebook_comments'","timestamp":"2016-03-09T03:12:07.136Z"}
{"level":"info","message":"Arrow loaded: 'widget' - 'facebook_like'","timestamp":"2016-03-09T03:12:07.136Z"}
{"level":"info","message":"Arrow loaded: 'widget' - 'facebook_share'","timestamp":"2016-03-09T03:12:07.136Z"}
{"level":"info","message":"Arrow loaded: 'widget' - 'menus'","timestamp":"2016-03-09T03:12:07.136Z"}
{"level":"info","message":"Arrow loaded: 'widget' - 'picked_posts'","timestamp":"2016-03-09T03:12:07.136Z"}
{"level":"info","message":"Arrow loaded: 'widget' - 'recent_posts'","timestamp":"2016-03-09T03:12:07.137Z"}
{"level":"info","message":"Arrow loaded: 'widget' - 'search'","timestamp":"2016-03-09T03:12:07.137Z"}
{"level":"info","message":"Arrow loaded: 'plugin' - 'facebook'","timestamp":"2016-03-09T03:12:07.137Z"}
{"level":"info","message":"Arrow loaded: 'plugin' - 'google_analytics'","timestamp":"2016-03-09T03:12:07.137Z"}
{"level":"info","message":"Arrow loaded: 'plugin' - 'seo'","timestamp":"2016-03-09T03:12:07.137Z"}
{"level":"info","message":"Application loaded using the \"development\" environment configuration","timestamp":"2016-03-09T03:12:07.142Z"}
{"level":"info","message":"Application started on port 1506 , Process ID: 1819","timestamp":"2016-03-09T03:12:07.142Z"}
{"level":"info","message":"Arrow loaded: 'feature' - 'plugins'","timestamp":"2016-03-09T03:19:35.722Z"}
{"level":"info","message":"Arrow loaded: 'feature' - 'blog'","timestamp":"2016-03-09T03:19:35.727Z"}
{"level":"info","message":"Arrow loaded: 'feature' - 'configuration'","timestamp":"2016-03-09T03:19:35.735Z"}
{"level":"info","message":"Arrow loaded: 'feature' - 'dashboard'","timestamp":"2016-03-09T03:19:35.736Z"}
{"level":"info","message":"Arrow loaded: 'feature' - 'login'","timestamp":"2016-03-09T03:19:35.737Z"}
{"level":"info","message":"Arrow loaded: 'feature' - 'menu'","timestamp":"2016-03-09T03:19:35.738Z"}
{"level":"info","message":"Arrow loaded: 'feature' - 'category'","timestamp":"2016-03-09T03:19:35.749Z"}
{"level":"info","message":"Arrow loaded: 'feature' - 'quiz'","timestamp":"2016-03-09T03:19:35.749Z"}
{"level":"info","message":"Arrow loaded: 'feature' - 'roles'","timestamp":"2016-03-09T03:19:35.752Z"}
{"level":"info","message":"Arrow loaded: 'feature' - 'upload'","timestamp":"2016-03-09T03:19:35.754Z"}
{"level":"info","message":"Arrow loaded: 'feature' - 'users'","timestamp":"2016-03-09T03:19:35.756Z"}
{"level":"info","message":"Arrow loaded: 'feature' - 'widgets'","timestamp":"2016-03-09T03:19:35.761Z"}
{"level":"info","message":"Arrow loaded: 'widget' - 'categories'","timestamp":"2016-03-09T03:19:35.762Z"}
{"level":"info","message":"Arrow loaded: 'widget' - 'custom_html'","timestamp":"2016-03-09T03:19:35.762Z"}
{"level":"info","message":"Arrow loaded: 'widget' - 'facebook_comments'","timestamp":"2016-03-09T03:19:35.763Z"}
{"level":"info","message":"Arrow loaded: 'widget' - 'facebook_like'","timestamp":"2016-03-09T03:19:35.763Z"}
{"level":"info","message":"Arrow loaded: 'widget' - 'facebook_share'","timestamp":"2016-03-09T03:19:35.763Z"}
{"level":"info","message":"Arrow loaded: 'widget' - 'menus'","timestamp":"2016-03-09T03:19:35.763Z"}
{"level":"info","message":"Arrow loaded: 'widget' - 'picked_posts'","timestamp":"2016-03-09T03:19:35.763Z"}
{"level":"info","message":"Arrow loaded: 'widget' - 'recent_posts'","timestamp":"2016-03-09T03:19:35.764Z"}
{"level":"info","message":"Arrow loaded: 'widget' - 'search'","timestamp":"2016-03-09T03:19:35.764Z"}
{"level":"info","message":"Arrow loaded: 'plugin' - 'facebook'","timestamp":"2016-03-09T03:19:35.764Z"}
{"level":"info","message":"Arrow loaded: 'plugin' - 'google_analytics'","timestamp":"2016-03-09T03:19:35.764Z"}
{"level":"info","message":"Arrow loaded: 'plugin' - 'seo'","timestamp":"2016-03-09T03:19:35.764Z"}
{"level":"info","message":"Application loaded using the \"development\" environment configuration","timestamp":"2016-03-09T03:19:35.770Z"}
{"level":"info","message":"Application started on port 1506 , Process ID: 1928","timestamp":"2016-03-09T03:19:35.770Z"}
{"level":"info","message":"Arrow loaded: 'feature' - 'plugins'","timestamp":"2016-03-09T03:20:15.473Z"}
{"level":"info","message":"Arrow loaded: 'feature' - 'blog'","timestamp":"2016-03-09T03:20:15.477Z"}
{"level":"info","message":"Arrow loaded: 'feature' - 'configuration'","timestamp":"2016-03-09T03:20:15.485Z"}
{"level":"info","message":"Arrow loaded: 'feature' - 'dashboard'","timestamp":"2016-03-09T03:20:15.486Z"}
{"level":"info","message":"Arrow loaded: 'feature' - 'login'","timestamp":"2016-03-09T03:20:15.486Z"}
{"level":"info","message":"Arrow loaded: 'feature' - 'menu'","timestamp":"2016-03-09T03:20:15.495Z"}
{"level":"info","message":"Arrow loaded: 'feature' - 'category'","timestamp":"2016-03-09T03:20:15.497Z"}
{"level":"info","message":"Arrow loaded: 'feature' - 'quiz'","timestamp":"2016-03-09T03:20:15.498Z"}
{"level":"info","message":"Arrow loaded: 'feature' - 'roles'","timestamp":"2016-03-09T03:20:15.500Z"}
{"level":"info","message":"Arrow loaded: 'feature' - 'upload'","timestamp":"2016-03-09T03:20:15.503Z"}
{"level":"info","message":"Arrow loaded: 'feature' - 'users'","timestamp":"2016-03-09T03:20:15.505Z"}
{"level":"info","message":"Arrow loaded: 'feature' - 'widgets'","timestamp":"2016-03-09T03:20:15.509Z"}
{"level":"info","message":"Arrow loaded: 'widget' - 'categories'","timestamp":"2016-03-09T03:20:15.511Z"}
{"level":"info","message":"Arrow loaded: 'widget' - 'custom_html'","timestamp":"2016-03-09T03:20:15.511Z"}
{"level":"info","message":"Arrow loaded: 'widget' - 'facebook_comments'","timestamp":"2016-03-09T03:20:15.511Z"}
{"level":"info","message":"Arrow loaded: 'widget' - 'facebook_like'","timestamp":"2016-03-09T03:20:15.511Z"}
{"level":"info","message":"Arrow loaded: 'widget' - 'facebook_share'","timestamp":"2016-03-09T03:20:15.511Z"}
{"level":"info","message":"Arrow loaded: 'widget' - 'menus'","timestamp":"2016-03-09T03:20:15.511Z"}
{"level":"info","message":"Arrow loaded: 'widget' - 'picked_posts'","timestamp":"2016-03-09T03:20:15.511Z"}
{"level":"info","message":"Arrow loaded: 'widget' - 'recent_posts'","timestamp":"2016-03-09T03:20:15.511Z"}
{"level":"info","message":"Arrow loaded: 'widget' - 'search'","timestamp":"2016-03-09T03:20:15.512Z"}
{"level":"info","message":"Arrow loaded: 'plugin' - 'facebook'","timestamp":"2016-03-09T03:20:15.512Z"}
{"level":"info","message":"Arrow loaded: 'plugin' - 'google_analytics'","timestamp":"2016-03-09T03:20:15.512Z"}
{"level":"info","message":"Arrow loaded: 'plugin' - 'seo'","timestamp":"2016-03-09T03:20:15.512Z"}
{"level":"info","message":"Application loaded using the \"development\" environment configuration","timestamp":"2016-03-09T03:20:15.517Z"}
{"level":"info","message":"Application started on port 1506 , Process ID: 1942","timestamp":"2016-03-09T03:20:15.517Z"}
{"level":"info","message":"Arrow loaded: 'feature' - 'plugins'","timestamp":"2016-03-09T03:21:19.080Z"}
{"level":"info","message":"Arrow loaded: 'feature' - 'blog'","timestamp":"2016-03-09T03:21:19.084Z"}
{"level":"info","message":"Arrow loaded: 'feature' - 'configuration'","timestamp":"2016-03-09T03:21:19.092Z"}
{"level":"info","message":"Arrow loaded: 'feature' - 'dashboard'","timestamp":"2016-03-09T03:21:19.093Z"}
{"level":"info","message":"Arrow loaded: 'feature' - 'login'","timestamp":"2016-03-09T03:21:19.093Z"}
{"level":"info","message":"Arrow loaded: 'feature' - 'menu'","timestamp":"2016-03-09T03:21:19.103Z"}
{"level":"info","message":"Arrow loaded: 'feature' - 'category'","timestamp":"2016-03-09T03:21:19.106Z"}
{"level":"info","message":"Arrow loaded: 'feature' - 'quiz'","timestamp":"2016-03-09T03:21:19.107Z"}
{"level":"info","message":"Arrow loaded: 'feature' - 'roles'","timestamp":"2016-03-09T03:21:19.109Z"}
{"level":"info","message":"Arrow loaded: 'feature' - 'upload'","timestamp":"2016-03-09T03:21:19.112Z"}
{"level":"info","message":"Arrow loaded: 'feature' - 'users'","timestamp":"2016-03-09T03:21:19.115Z"}
{"level":"info","message":"Arrow loaded: 'feature' - 'widgets'","timestamp":"2016-03-09T03:21:19.119Z"}
{"level":"info","message":"Arrow loaded: 'widget' - 'categories'","timestamp":"2016-03-09T03:21:19.121Z"}
{"level":"info","message":"Arrow loaded: 'widget' - 'custom_html'","timestamp":"2016-03-09T03:21:19.122Z"}
{"level":"info","message":"Arrow loaded: 'widget' - 'facebook_comments'","timestamp":"2016-03-09T03:21:19.122Z"}
{"level":"info","message":"Arrow loaded: 'widget' - 'facebook_like'","timestamp":"2016-03-09T03:21:19.122Z"}
{"level":"info","message":"Arrow loaded: 'widget' - 'facebook_share'","timestamp":"2016-03-09T03:21:19.122Z"}
{"level":"info","message":"Arrow loaded: 'widget' - 'menus'","timestamp":"2016-03-09T03:21:19.122Z"}
{"level":"info","message":"Arrow loaded: 'widget' - 'picked_posts'","timestamp":"2016-03-09T03:21:19.122Z"}
{"level":"info","message":"Arrow loaded: 'widget' - 'recent_posts'","timestamp":"2016-03-09T03:21:19.122Z"}
{"level":"info","message":"Arrow loaded: 'widget' - 'search'","timestamp":"2016-03-09T03:21:19.122Z"}
{"level":"info","message":"Arrow loaded: 'plugin' - 'facebook'","timestamp":"2016-03-09T03:21:19.123Z"}
{"level":"info","message":"Arrow loaded: 'plugin' - 'google_analytics'","timestamp":"2016-03-09T03:21:19.123Z"}
{"level":"info","message":"Arrow loaded: 'plugin' - 'seo'","timestamp":"2016-03-09T03:21:19.123Z"}
{"level":"info","message":"Application loaded using the \"development\" environment configuration","timestamp":"2016-03-09T03:21:19.129Z"}
{"level":"info","message":"Application started on port 1506 , Process ID: 1986","timestamp":"2016-03-09T03:21:19.129Z"}
{"level":"info","message":"Arrow loaded: 'feature' - 'plugins'","timestamp":"2016-03-09T03:23:31.883Z"}
{"level":"info","message":"Arrow loaded: 'feature' - 'blog'","timestamp":"2016-03-09T03:23:31.887Z"}
{"level":"info","message":"Arrow loaded: 'feature' - 'configuration'","timestamp":"2016-03-09T03:23:31.895Z"}
{"level":"info","message":"Arrow loaded: 'feature' - 'dashboard'","timestamp":"2016-03-09T03:23:31.896Z"}
{"level":"info","message":"Arrow loaded: 'feature' - 'login'","timestamp":"2016-03-09T03:23:31.896Z"}
{"level":"info","message":"Arrow loaded: 'feature' - 'menu'","timestamp":"2016-03-09T03:23:31.897Z"}
{"level":"info","message":"Arrow loaded: 'feature' - 'category'","timestamp":"2016-03-09T03:23:31.908Z"}
{"level":"info","message":"Arrow loaded: 'feature' - 'quiz'","timestamp":"2016-03-09T03:23:31.908Z"}
{"level":"info","message":"Arrow loaded: 'feature' - 'roles'","timestamp":"2016-03-09T03:23:31.911Z"}
{"level":"info","message":"Arrow loaded: 'feature' - 'upload'","timestamp":"2016-03-09T03:23:31.914Z"}
{"level":"info","message":"Arrow loaded: 'feature' - 'users'","timestamp":"2016-03-09T03:23:31.916Z"}
{"level":"info","message":"Arrow loaded: 'feature' - 'widgets'","timestamp":"2016-03-09T03:23:31.920Z"}
{"level":"info","message":"Arrow loaded: 'widget' - 'categories'","timestamp":"2016-03-09T03:23:31.921Z"}
{"level":"info","message":"Arrow loaded: 'widget' - 'custom_html'","timestamp":"2016-03-09T03:23:31.921Z"}
{"level":"info","message":"Arrow loaded: 'widget' - 'facebook_comments'","timestamp":"2016-03-09T03:23:31.922Z"}
{"level":"info","message":"Arrow loaded: 'widget' - 'facebook_like'","timestamp":"2016-03-09T03:23:31.922Z"}
{"level":"info","message":"Arrow loaded: 'widget' - 'facebook_share'","timestamp":"2016-03-09T03:23:31.923Z"}
{"level":"info","message":"Arrow loaded: 'widget' - 'menus'","timestamp":"2016-03-09T03:23:31.923Z"}
{"level":"info","message":"Arrow loaded: 'widget' - 'picked_posts'","timestamp":"2016-03-09T03:23:31.923Z"}
{"level":"info","message":"Arrow loaded: 'widget' - 'recent_posts'","timestamp":"2016-03-09T03:23:31.923Z"}
{"level":"info","message":"Arrow loaded: 'widget' - 'search'","timestamp":"2016-03-09T03:23:31.923Z"}
{"level":"info","message":"Arrow loaded: 'plugin' - 'facebook'","timestamp":"2016-03-09T03:23:31.923Z"}
{"level":"info","message":"Arrow loaded: 'plugin' - 'google_analytics'","timestamp":"2016-03-09T03:23:31.923Z"}
{"level":"info","message":"Arrow loaded: 'plugin' - 'seo'","timestamp":"2016-03-09T03:23:31.923Z"}
{"level":"info","message":"Application loaded using the \"development\" environment configuration","timestamp":"2016-03-09T03:23:31.929Z"}
{"level":"info","message":"Application started on port 1506 , Process ID: 2022","timestamp":"2016-03-09T03:23:31.929Z"}
{"level":"info","message":"Arrow loaded: 'feature' - 'plugins'","timestamp":"2016-03-09T03:27:15.450Z"}
{"level":"info","message":"Arrow loaded: 'feature' - 'blog'","timestamp":"2016-03-09T03:27:15.454Z"}
{"level":"info","message":"Arrow loaded: 'feature' - 'configuration'","timestamp":"2016-03-09T03:27:15.462Z"}
{"level":"info","message":"Arrow loaded: 'feature' - 'dashboard'","timestamp":"2016-03-09T03:27:15.463Z"}
{"level":"info","message":"Arrow loaded: 'feature' - 'login'","timestamp":"2016-03-09T03:27:15.463Z"}
{"level":"info","message":"Arrow loaded: 'feature' - 'menu'","timestamp":"2016-03-09T03:27:15.472Z"}
{"level":"info","message":"Arrow loaded: 'feature' - 'category'","timestamp":"2016-03-09T03:27:15.476Z"}
{"level":"info","message":"Arrow loaded: 'feature' - 'quiz'","timestamp":"2016-03-09T03:27:15.476Z"}
{"level":"info","message":"Arrow loaded: 'feature' - 'roles'","timestamp":"2016-03-09T03:27:15.480Z"}
{"level":"info","message":"Arrow loaded: 'feature' - 'upload'","timestamp":"2016-03-09T03:27:15.484Z"}
{"level":"info","message":"Arrow loaded: 'feature' - 'users'","timestamp":"2016-03-09T03:27:15.486Z"}
{"level":"info","message":"Arrow loaded: 'feature' - 'widgets'","timestamp":"2016-03-09T03:27:15.490Z"}
{"level":"info","message":"Arrow loaded: 'widget' - 'categories'","timestamp":"2016-03-09T03:27:15.491Z"}
{"level":"info","message":"Arrow loaded: 'widget' - 'custom_html'","timestamp":"2016-03-09T03:27:15.492Z"}
{"level":"info","message":"Arrow loaded: 'widget' - 'facebook_comments'","timestamp":"2016-03-09T03:27:15.492Z"}
{"level":"info","message":"Arrow loaded: 'widget' - 'facebook_like'","timestamp":"2016-03-09T03:27:15.492Z"}
{"level":"info","message":"Arrow loaded: 'widget' - 'facebook_share'","timestamp":"2016-03-09T03:27:15.492Z"}
{"level":"info","message":"Arrow loaded: 'widget' - 'menus'","timestamp":"2016-03-09T03:27:15.492Z"}
{"level":"info","message":"Arrow loaded: 'widget' - 'picked_posts'","timestamp":"2016-03-09T03:27:15.492Z"}
{"level":"info","message":"Arrow loaded: 'widget' - 'recent_posts'","timestamp":"2016-03-09T03:27:15.492Z"}
{"level":"info","message":"Arrow loaded: 'widget' - 'search'","timestamp":"2016-03-09T03:27:15.492Z"}
{"level":"info","message":"Arrow loaded: 'plugin' - 'facebook'","timestamp":"2016-03-09T03:27:15.492Z"}
{"level":"info","message":"Arrow loaded: 'plugin' - 'google_analytics'","timestamp":"2016-03-09T03:27:15.493Z"}
{"level":"info","message":"Arrow loaded: 'plugin' - 'seo'","timestamp":"2016-03-09T03:27:15.493Z"}
{"level":"info","message":"Application loaded using the \"development\" environment configuration","timestamp":"2016-03-09T03:27:15.498Z"}
{"level":"info","message":"Application started on port 1506 , Process ID: 2070","timestamp":"2016-03-09T03:27:15.498Z"}
{"level":"info","message":"Arrow loaded: 'feature' - 'plugins'","timestamp":"2016-03-09T03:33:02.351Z"}
{"level":"info","message":"Arrow loaded: 'feature' - 'blog'","timestamp":"2016-03-09T03:33:02.355Z"}
{"level":"info","message":"Arrow loaded: 'feature' - 'configuration'","timestamp":"2016-03-09T03:33:02.363Z"}
{"level":"info","message":"Arrow loaded: 'feature' - 'dashboard'","timestamp":"2016-03-09T03:33:02.364Z"}
{"level":"info","message":"Arrow loaded: 'feature' - 'login'","timestamp":"2016-03-09T03:33:02.364Z"}
{"level":"info","message":"Arrow loaded: 'feature' - 'menu'","timestamp":"2016-03-09T03:33:02.374Z"}
{"level":"info","message":"Arrow loaded: 'feature' - 'category'","timestamp":"2016-03-09T03:33:02.376Z"}
{"level":"info","message":"Arrow loaded: 'feature' - 'quiz'","timestamp":"2016-03-09T03:33:02.376Z"}
{"level":"info","message":"Arrow loaded: 'feature' - 'roles'","timestamp":"2016-03-09T03:33:02.379Z"}
{"level":"info","message":"Arrow loaded: 'feature' - 'upload'","timestamp":"2016-03-09T03:33:02.383Z"}
{"level":"info","message":"Arrow loaded: 'feature' - 'users'","timestamp":"2016-03-09T03:33:02.385Z"}
{"level":"info","message":"Arrow loaded: 'feature' - 'widgets'","timestamp":"2016-03-09T03:33:02.389Z"}
{"level":"info","message":"Arrow loaded: 'widget' - 'categories'","timestamp":"2016-03-09T03:33:02.390Z"}
{"level":"info","message":"Arrow loaded: 'widget' - 'custom_html'","timestamp":"2016-03-09T03:33:02.390Z"}
{"level":"info","message":"Arrow loaded: 'widget' - 'facebook_comments'","timestamp":"2016-03-09T03:33:02.391Z"}
{"level":"info","message":"Arrow loaded: 'widget' - 'facebook_like'","timestamp":"2016-03-09T03:33:02.391Z"}
{"level":"info","message":"Arrow loaded: 'widget' - 'facebook_share'","timestamp":"2016-03-09T03:33:02.391Z"}
{"level":"info","message":"Arrow loaded: 'widget' - 'menus'","timestamp":"2016-03-09T03:33:02.391Z"}
{"level":"info","message":"Arrow loaded: 'widget' - 'picked_posts'","timestamp":"2016-03-09T03:33:02.391Z"}
{"level":"info","message":"Arrow loaded: 'widget' - 'recent_posts'","timestamp":"2016-03-09T03:33:02.391Z"}
{"level":"info","message":"Arrow loaded: 'widget' - 'search'","timestamp":"2016-03-09T03:33:02.391Z"}
{"level":"info","message":"Arrow loaded: 'plugin' - 'facebook'","timestamp":"2016-03-09T03:33:02.391Z"}
{"level":"info","message":"Arrow loaded: 'plugin' - 'google_analytics'","timestamp":"2016-03-09T03:33:02.391Z"}
{"level":"info","message":"Arrow loaded: 'plugin' - 'seo'","timestamp":"2016-03-09T03:33:02.392Z"}
{"level":"info","message":"Application loaded using the \"development\" environment configuration","timestamp":"2016-03-09T03:33:02.397Z"}
{"level":"info","message":"Application started on port 1506 , Process ID: 2221","timestamp":"2016-03-09T03:33:02.397Z"}
{"level":"info","message":"Arrow loaded: 'feature' - 'plugins'","timestamp":"2016-03-09T03:41:04.997Z"}
{"level":"info","message":"Arrow loaded: 'feature' - 'blog'","timestamp":"2016-03-09T03:41:05.002Z"}
{"level":"info","message":"Arrow loaded: 'feature' - 'configuration'","timestamp":"2016-03-09T03:41:05.019Z"}
{"level":"info","message":"Arrow loaded: 'feature' - 'dashboard'","timestamp":"2016-03-09T03:41:05.019Z"}
{"level":"info","message":"Arrow loaded: 'feature' - 'login'","timestamp":"2016-03-09T03:41:05.020Z"}
{"level":"info","message":"Arrow loaded: 'feature' - 'menu'","timestamp":"2016-03-09T03:41:05.030Z"}
{"level":"info","message":"Arrow loaded: 'feature' - 'category'","timestamp":"2016-03-09T03:41:05.033Z"}
{"level":"info","message":"Arrow loaded: 'feature' - 'quiz'","timestamp":"2016-03-09T03:41:05.034Z"}
{"level":"info","message":"Arrow loaded: 'feature' - 'roles'","timestamp":"2016-03-09T03:41:05.037Z"}
{"level":"info","message":"Arrow loaded: 'feature' - 'upload'","timestamp":"2016-03-09T03:41:05.041Z"}
{"level":"info","message":"Arrow loaded: 'feature' - 'users'","timestamp":"2016-03-09T03:41:05.044Z"}
{"level":"info","message":"Arrow loaded: 'feature' - 'widgets'","timestamp":"2016-03-09T03:41:05.049Z"}
{"level":"info","message":"Arrow loaded: 'widget' - 'categories'","timestamp":"2016-03-09T03:41:05.051Z"}
{"level":"info","message":"Arrow loaded: 'widget' - 'custom_html'","timestamp":"2016-03-09T03:41:05.051Z"}
{"level":"info","message":"Arrow loaded: 'widget' - 'facebook_comments'","timestamp":"2016-03-09T03:41:05.051Z"}
{"level":"info","message":"Arrow loaded: 'widget' - 'facebook_like'","timestamp":"2016-03-09T03:41:05.051Z"}
{"level":"info","message":"Arrow loaded: 'widget' - 'facebook_share'","timestamp":"2016-03-09T03:41:05.051Z"}
{"level":"info","message":"Arrow loaded: 'widget' - 'menus'","timestamp":"2016-03-09T03:41:05.051Z"}
{"level":"info","message":"Arrow loaded: 'widget' - 'picked_posts'","timestamp":"2016-03-09T03:41:05.052Z"}
{"level":"info","message":"Arrow loaded: 'widget' - 'recent_posts'","timestamp":"2016-03-09T03:41:05.052Z"}
{"level":"info","message":"Arrow loaded: 'widget' - 'search'","timestamp":"2016-03-09T03:41:05.052Z"}
{"level":"info","message":"Arrow loaded: 'plugin' - 'facebook'","timestamp":"2016-03-09T03:41:05.052Z"}
{"level":"info","message":"Arrow loaded: 'plugin' - 'google_analytics'","timestamp":"2016-03-09T03:41:05.052Z"}
{"level":"info","message":"Arrow loaded: 'plugin' - 'seo'","timestamp":"2016-03-09T03:41:05.052Z"}
{"level":"info","message":"Application loaded using the \"development\" environment configuration","timestamp":"2016-03-09T03:41:05.058Z"}
{"level":"info","message":"Application started on port 1506 , Process ID: 2440","timestamp":"2016-03-09T03:41:05.059Z"}
{"level":"info","message":"Arrow loaded: 'feature' - 'plugins'","timestamp":"2016-03-09T03:44:08.383Z"}
{"level":"info","message":"Arrow loaded: 'feature' - 'blog'","timestamp":"2016-03-09T03:44:08.387Z"}
{"level":"info","message":"Arrow loaded: 'feature' - 'configuration'","timestamp":"2016-03-09T03:44:08.395Z"}
{"level":"info","message":"Arrow loaded: 'feature' - 'dashboard'","timestamp":"2016-03-09T03:44:08.396Z"}
{"level":"info","message":"Arrow loaded: 'feature' - 'login'","timestamp":"2016-03-09T03:44:08.396Z"}
{"level":"info","message":"Arrow loaded: 'feature' - 'menu'","timestamp":"2016-03-09T03:44:08.406Z"}
{"level":"info","message":"Arrow loaded: 'feature' - 'category'","timestamp":"2016-03-09T03:44:08.408Z"}
{"level":"info","message":"Arrow loaded: 'feature' - 'quiz'","timestamp":"2016-03-09T03:44:08.408Z"}
{"level":"info","message":"Arrow loaded: 'feature' - 'roles'","timestamp":"2016-03-09T03:44:08.411Z"}
{"level":"info","message":"Arrow loaded: 'feature' - 'upload'","timestamp":"2016-03-09T03:44:08.414Z"}
{"level":"info","message":"Arrow loaded: 'feature' - 'users'","timestamp":"2016-03-09T03:44:08.416Z"}
{"level":"info","message":"Arrow loaded: 'feature' - 'widgets'","timestamp":"2016-03-09T03:44:08.422Z"}
{"level":"info","message":"Arrow loaded: 'widget' - 'categories'","timestamp":"2016-03-09T03:44:08.423Z"}
{"level":"info","message":"Arrow loaded: 'widget' - 'custom_html'","timestamp":"2016-03-09T03:44:08.423Z"}
{"level":"info","message":"Arrow loaded: 'widget' - 'facebook_comments'","timestamp":"2016-03-09T03:44:08.424Z"}
{"level":"info","message":"Arrow loaded: 'widget' - 'facebook_like'","timestamp":"2016-03-09T03:44:08.424Z"}
{"level":"info","message":"Arrow loaded: 'widget' - 'facebook_share'","timestamp":"2016-03-09T03:44:08.424Z"}
{"level":"info","message":"Arrow loaded: 'widget' - 'menus'","timestamp":"2016-03-09T03:44:08.424Z"}
{"level":"info","message":"Arrow loaded: 'widget' - 'picked_posts'","timestamp":"2016-03-09T03:44:08.424Z"}
{"level":"info","message":"Arrow loaded: 'widget' - 'recent_posts'","timestamp":"2016-03-09T03:44:08.424Z"}
{"level":"info","message":"Arrow loaded: 'widget' - 'search'","timestamp":"2016-03-09T03:44:08.424Z"}
{"level":"info","message":"Arrow loaded: 'plugin' - 'facebook'","timestamp":"2016-03-09T03:44:08.424Z"}
{"level":"info","message":"Arrow loaded: 'plugin' - 'google_analytics'","timestamp":"2016-03-09T03:44:08.424Z"}
{"level":"info","message":"Arrow loaded: 'plugin' - 'seo'","timestamp":"2016-03-09T03:44:08.425Z"}
{"level":"info","message":"Application loaded using the \"development\" environment configuration","timestamp":"2016-03-09T03:44:08.429Z"}
{"level":"info","message":"Application started on port 1506 , Process ID: 2475","timestamp":"2016-03-09T03:44:08.429Z"}
{"level":"info","message":"Arrow loaded: 'feature' - 'plugins'","timestamp":"2016-03-09T03:54:05.911Z"}
{"level":"info","message":"Arrow loaded: 'feature' - 'blog'","timestamp":"2016-03-09T03:54:05.916Z"}
{"level":"info","message":"Arrow loaded: 'feature' - 'configuration'","timestamp":"2016-03-09T03:54:05.924Z"}
{"level":"info","message":"Arrow loaded: 'feature' - 'dashboard'","timestamp":"2016-03-09T03:54:05.925Z"}
{"level":"info","message":"Arrow loaded: 'feature' - 'login'","timestamp":"2016-03-09T03:54:05.934Z"}
{"level":"info","message":"Arrow loaded: 'feature' - 'menu'","timestamp":"2016-03-09T03:54:05.935Z"}
{"level":"info","message":"Arrow loaded: 'feature' - 'category'","timestamp":"2016-03-09T03:54:05.937Z"}
{"level":"info","message":"Arrow loaded: 'feature' - 'quiz'","timestamp":"2016-03-09T03:54:05.938Z"}
{"level":"info","message":"Arrow loaded: 'feature' - 'roles'","timestamp":"2016-03-09T03:54:05.941Z"}
{"level":"info","message":"Arrow loaded: 'feature' - 'upload'","timestamp":"2016-03-09T03:54:05.944Z"}
{"level":"info","message":"Arrow loaded: 'feature' - 'users'","timestamp":"2016-03-09T03:54:05.946Z"}
{"level":"info","message":"Arrow loaded: 'feature' - 'widgets'","timestamp":"2016-03-09T03:54:05.951Z"}
{"level":"info","message":"Arrow loaded: 'widget' - 'categories'","timestamp":"2016-03-09T03:54:05.953Z"}
{"level":"info","message":"Arrow loaded: 'widget' - 'custom_html'","timestamp":"2016-03-09T03:54:05.953Z"}
{"level":"info","message":"Arrow loaded: 'widget' - 'facebook_comments'","timestamp":"2016-03-09T03:54:05.953Z"}
{"level":"info","message":"Arrow loaded: 'widget' - 'facebook_like'","timestamp":"2016-03-09T03:54:05.953Z"}
{"level":"info","message":"Arrow loaded: 'widget' - 'facebook_share'","timestamp":"2016-03-09T03:54:05.953Z"}
{"level":"info","message":"Arrow loaded: 'widget' - 'menus'","timestamp":"2016-03-09T03:54:05.953Z"}
{"level":"info","message":"Arrow loaded: 'widget' - 'picked_posts'","timestamp":"2016-03-09T03:54:05.953Z"}
{"level":"info","message":"Arrow loaded: 'widget' - 'recent_posts'","timestamp":"2016-03-09T03:54:05.954Z"}
{"level":"info","message":"Arrow loaded: 'widget' - 'search'","timestamp":"2016-03-09T03:54:05.954Z"}
{"level":"info","message":"Arrow loaded: 'plugin' - 'facebook'","timestamp":"2016-03-09T03:54:05.954Z"}
{"level":"info","message":"Arrow loaded: 'plugin' - 'google_analytics'","timestamp":"2016-03-09T03:54:05.954Z"}
{"level":"info","message":"Arrow loaded: 'plugin' - 'seo'","timestamp":"2016-03-09T03:54:05.954Z"}
{"level":"info","message":"Application loaded using the \"development\" environment configuration","timestamp":"2016-03-09T03:54:05.959Z"}
{"level":"info","message":"Application started on port 1506 , Process ID: 2624","timestamp":"2016-03-09T03:54:05.959Z"}
{"level":"info","message":"Arrow loaded: 'feature' - 'plugins'","timestamp":"2016-03-09T03:54:16.408Z"}
{"level":"info","message":"Arrow loaded: 'feature' - 'blog'","timestamp":"2016-03-09T03:54:16.412Z"}
{"level":"info","message":"Arrow loaded: 'feature' - 'configuration'","timestamp":"2016-03-09T03:54:16.421Z"}
{"level":"info","message":"Arrow loaded: 'feature' - 'dashboard'","timestamp":"2016-03-09T03:54:16.422Z"}
{"level":"info","message":"Arrow loaded: 'feature' - 'login'","timestamp":"2016-03-09T03:54:16.422Z"}
{"level":"info","message":"Arrow loaded: 'feature' - 'menu'","timestamp":"2016-03-09T03:54:16.432Z"}
{"level":"info","message":"Arrow loaded: 'feature' - 'category'","timestamp":"2016-03-09T03:54:16.435Z"}
{"level":"info","message":"Arrow loaded: 'feature' - 'quiz'","timestamp":"2016-03-09T03:54:16.435Z"}
{"level":"info","message":"Arrow loaded: 'feature' - 'roles'","timestamp":"2016-03-09T03:54:16.438Z"}
{"level":"info","message":"Arrow loaded: 'feature' - 'upload'","timestamp":"2016-03-09T03:54:16.442Z"}
{"level":"info","message":"Arrow loaded: 'feature' - 'users'","timestamp":"2016-03-09T03:54:16.445Z"}
{"level":"info","message":"Arrow loaded: 'feature' - 'widgets'","timestamp":"2016-03-09T03:54:16.448Z"}
{"level":"info","message":"Arrow loaded: 'widget' - 'categories'","timestamp":"2016-03-09T03:54:16.450Z"}
{"level":"info","message":"Arrow loaded: 'widget' - 'custom_html'","timestamp":"2016-03-09T03:54:16.450Z"}
{"level":"info","message":"Arrow loaded: 'widget' - 'facebook_comments'","timestamp":"2016-03-09T03:54:16.450Z"}
{"level":"info","message":"Arrow loaded: 'widget' - 'facebook_like'","timestamp":"2016-03-09T03:54:16.451Z"}
{"level":"info","message":"Arrow loaded: 'widget' - 'facebook_share'","timestamp":"2016-03-09T03:54:16.451Z"}
{"level":"info","message":"Arrow loaded: 'widget' - 'menus'","timestamp":"2016-03-09T03:54:16.451Z"}
{"level":"info","message":"Arrow loaded: 'widget' - 'picked_posts'","timestamp":"2016-03-09T03:54:16.451Z"}
{"level":"info","message":"Arrow loaded: 'widget' - 'recent_posts'","timestamp":"2016-03-09T03:54:16.451Z"}
{"level":"info","message":"Arrow loaded: 'widget' - 'search'","timestamp":"2016-03-09T03:54:16.451Z"}
{"level":"info","message":"Arrow loaded: 'plugin' - 'facebook'","timestamp":"2016-03-09T03:54:16.451Z"}
{"level":"info","message":"Arrow loaded: 'plugin' - 'google_analytics'","timestamp":"2016-03-09T03:54:16.451Z"}
{"level":"info","message":"Arrow loaded: 'plugin' - 'seo'","timestamp":"2016-03-09T03:54:16.452Z"}
{"level":"info","message":"Application loaded using the \"development\" environment configuration","timestamp":"2016-03-09T03:54:16.456Z"}
{"level":"info","message":"Application started on port 1506 , Process ID: 2634","timestamp":"2016-03-09T03:54:16.457Z"}
{"level":"info","message":"Arrow loaded: 'feature' - 'plugins'","timestamp":"2016-03-09T06:00:12.837Z"}
{"level":"info","message":"Arrow loaded: 'feature' - 'blog'","timestamp":"2016-03-09T06:00:12.843Z"}
{"level":"info","message":"Arrow loaded: 'feature' - 'configuration'","timestamp":"2016-03-09T06:00:12.858Z"}
{"level":"info","message":"Arrow loaded: 'feature' - 'dashboard'","timestamp":"2016-03-09T06:00:12.860Z"}
{"level":"info","message":"Arrow loaded: 'feature' - 'login'","timestamp":"2016-03-09T06:00:12.860Z"}
{"level":"info","message":"Arrow loaded: 'feature' - 'menu'","timestamp":"2016-03-09T06:00:12.862Z"}
{"level":"info","message":"Arrow loaded: 'feature' - 'category'","timestamp":"2016-03-09T06:00:12.864Z"}
{"level":"info","message":"Arrow loaded: 'feature' - 'quiz'","timestamp":"2016-03-09T06:00:12.865Z"}
{"level":"info","message":"Arrow loaded: 'feature' - 'roles'","timestamp":"2016-03-09T06:00:12.869Z"}
{"level":"info","message":"Arrow loaded: 'feature' - 'upload'","timestamp":"2016-03-09T06:00:12.872Z"}
{"level":"info","message":"Arrow loaded: 'feature' - 'users'","timestamp":"2016-03-09T06:00:12.876Z"}
{"level":"info","message":"Arrow loaded: 'feature' - 'widgets'","timestamp":"2016-03-09T06:00:12.885Z"}
{"level":"info","message":"Arrow loaded: 'widget' - 'categories'","timestamp":"2016-03-09T06:00:12.886Z"}
{"level":"info","message":"Arrow loaded: 'widget' - 'custom_html'","timestamp":"2016-03-09T06:00:12.886Z"}
{"level":"info","message":"Arrow loaded: 'widget' - 'facebook_comments'","timestamp":"2016-03-09T06:00:12.887Z"}
{"level":"info","message":"Arrow loaded: 'widget' - 'facebook_like'","timestamp":"2016-03-09T06:00:12.887Z"}
{"level":"info","message":"Arrow loaded: 'widget' - 'facebook_share'","timestamp":"2016-03-09T06:00:12.887Z"}
{"level":"info","message":"Arrow loaded: 'widget' - 'menus'","timestamp":"2016-03-09T06:00:12.887Z"}
{"level":"info","message":"Arrow loaded: 'widget' - 'picked_posts'","timestamp":"2016-03-09T06:00:12.887Z"}
{"level":"info","message":"Arrow loaded: 'widget' - 'recent_posts'","timestamp":"2016-03-09T06:00:12.887Z"}
{"level":"info","message":"Arrow loaded: 'widget' - 'search'","timestamp":"2016-03-09T06:00:12.888Z"}
{"level":"info","message":"Arrow loaded: 'plugin' - 'facebook'","timestamp":"2016-03-09T06:00:12.888Z"}
{"level":"info","message":"Arrow loaded: 'plugin' - 'google_analytics'","timestamp":"2016-03-09T06:00:12.888Z"}
{"level":"info","message":"Arrow loaded: 'plugin' - 'seo'","timestamp":"2016-03-09T06:00:12.888Z"}
{"level":"info","message":"Application loaded using the \"development\" environment configuration","timestamp":"2016-03-09T06:00:12.895Z"}
{"level":"info","message":"Application started on port 1506 , Process ID: 1361","timestamp":"2016-03-09T06:00:12.896Z"}
{"level":"info","message":"Arrow loaded: 'feature' - 'plugins'","timestamp":"2016-03-09T06:54:35.771Z"}
{"level":"info","message":"Arrow loaded: 'feature' - 'blog'","timestamp":"2016-03-09T06:54:35.778Z"}
{"level":"info","message":"Arrow loaded: 'feature' - 'configuration'","timestamp":"2016-03-09T06:54:35.788Z"}
{"level":"info","message":"Arrow loaded: 'feature' - 'dashboard'","timestamp":"2016-03-09T06:54:35.789Z"}
{"level":"info","message":"Arrow loaded: 'feature' - 'login'","timestamp":"2016-03-09T06:54:35.789Z"}
{"level":"info","message":"Arrow loaded: 'feature' - 'menu'","timestamp":"2016-03-09T06:54:35.789Z"}
{"level":"info","message":"Arrow loaded: 'feature' - 'category'","timestamp":"2016-03-09T06:54:35.791Z"}
{"level":"info","message":"Arrow loaded: 'feature' - 'quiz'","timestamp":"2016-03-09T06:54:35.792Z"}
{"level":"info","message":"Arrow loaded: 'feature' - 'roles'","timestamp":"2016-03-09T06:54:35.795Z"}
{"level":"info","message":"Arrow loaded: 'feature' - 'upload'","timestamp":"2016-03-09T06:54:35.798Z"}
{"level":"info","message":"Arrow loaded: 'feature' - 'users'","timestamp":"2016-03-09T06:54:35.801Z"}
{"level":"info","message":"Arrow loaded: 'feature' - 'widgets'","timestamp":"2016-03-09T06:54:35.806Z"}
{"level":"info","message":"Arrow loaded: 'widget' - 'categories'","timestamp":"2016-03-09T06:54:35.807Z"}
{"level":"info","message":"Arrow loaded: 'widget' - 'custom_html'","timestamp":"2016-03-09T06:54:35.808Z"}
{"level":"info","message":"Arrow loaded: 'widget' - 'facebook_comments'","timestamp":"2016-03-09T06:54:35.808Z"}
{"level":"info","message":"Arrow loaded: 'widget' - 'facebook_like'","timestamp":"2016-03-09T06:54:35.808Z"}
{"level":"info","message":"Arrow loaded: 'widget' - 'facebook_share'","timestamp":"2016-03-09T06:54:35.808Z"}
{"level":"info","message":"Arrow loaded: 'widget' - 'menus'","timestamp":"2016-03-09T06:54:35.808Z"}
{"level":"info","message":"Arrow loaded: 'widget' - 'picked_posts'","timestamp":"2016-03-09T06:54:35.808Z"}
{"level":"info","message":"Arrow loaded: 'widget' - 'recent_posts'","timestamp":"2016-03-09T06:54:35.809Z"}
{"level":"info","message":"Arrow loaded: 'widget' - 'search'","timestamp":"2016-03-09T06:54:35.809Z"}
{"level":"info","message":"Arrow loaded: 'plugin' - 'facebook'","timestamp":"2016-03-09T06:54:35.809Z"}
{"level":"info","message":"Arrow loaded: 'plugin' - 'google_analytics'","timestamp":"2016-03-09T06:54:35.809Z"}
{"level":"info","message":"Arrow loaded: 'plugin' - 'seo'","timestamp":"2016-03-09T06:54:35.809Z"}
{"level":"info","message":"Application loaded using the \"development\" environment configuration","timestamp":"2016-03-09T06:54:35.814Z"}
{"level":"info","message":"Application started on port 1506 , Process ID: 1438","timestamp":"2016-03-09T06:54:35.843Z"}
{"message":"Cannot read property 'split' of undefined","stack":"TypeError: Cannot read property 'split' of undefined\n    at null.<anonymous> (/Users/tuananh/Desktop/CMS/features/quiz/backend/controllers/quiz.js:227:45)\n    at tryCatcher (/Users/tuananh/Desktop/CMS/node_modules/arrowjs/node_modules/sequelize/node_modules/bluebird/js/release/util.js:16:23)\n    at Promise._settlePromiseFromHandler (/Users/tuananh/Desktop/CMS/node_modules/arrowjs/node_modules/sequelize/node_modules/bluebird/js/release/promise.js:503:31)\n    at Promise._settlePromise (/Users/tuananh/Desktop/CMS/node_modules/arrowjs/node_modules/sequelize/node_modules/bluebird/js/release/promise.js:560:18)\n    at Promise._settlePromise0 (/Users/tuananh/Desktop/CMS/node_modules/arrowjs/node_modules/sequelize/node_modules/bluebird/js/release/promise.js:605:10)\n    at Promise._settlePromises (/Users/tuananh/Desktop/CMS/node_modules/arrowjs/node_modules/sequelize/node_modules/bluebird/js/release/promise.js:684:18)\n    at Async._drainQueue (/Users/tuananh/Desktop/CMS/node_modules/arrowjs/node_modules/sequelize/node_modules/bluebird/js/release/async.js:126:16)\n    at Async._drainQueues (/Users/tuananh/Desktop/CMS/node_modules/arrowjs/node_modules/sequelize/node_modules/bluebird/js/release/async.js:136:10)\n    at Immediate.Async.drainQueues [as _onImmediate] (/Users/tuananh/Desktop/CMS/node_modules/arrowjs/node_modules/sequelize/node_modules/bluebird/js/release/async.js:16:14)\n    at processImmediate [as _immediateCallback] (timers.js:371:17)","level":"error","timestamp":"2016-03-09T06:59:40.572Z"}
{"message":"Cannot read property 'indexOf' of undefined","stack":"TypeError: Cannot read property 'indexOf' of undefined\n    at /Users/tuananh/Desktop/CMS/features/quiz/backend/controllers/quiz.js:152:42\n    at tryCatcher (/Users/tuananh/Desktop/CMS/node_modules/arrowjs/node_modules/bluebird/js/release/util.js:11:23)\n    at MappingPromiseArray._promiseFulfilled (/Users/tuananh/Desktop/CMS/node_modules/arrowjs/node_modules/bluebird/js/release/map.js:57:38)\n    at MappingPromiseArray.PromiseArray._iterate (/Users/tuananh/Desktop/CMS/node_modules/arrowjs/node_modules/bluebird/js/release/promise_array.js:113:31)\n    at MappingPromiseArray.init (/Users/tuananh/Desktop/CMS/node_modules/arrowjs/node_modules/bluebird/js/release/promise_array.js:77:10)\n    at new MappingPromiseArray (/Users/tuananh/Desktop/CMS/node_modules/arrowjs/node_modules/bluebird/js/release/map.js:25:10)\n    at map (/Users/tuananh/Desktop/CMS/node_modules/arrowjs/node_modules/bluebird/js/release/map.js:139:12)\n    at Function.Promise.map (/Users/tuananh/Desktop/CMS/node_modules/arrowjs/node_modules/bluebird/js/release/map.js:147:12)\n    at null.<anonymous> (/Users/tuananh/Desktop/CMS/features/quiz/backend/controllers/quiz.js:148:28)\n    at tryCatcher (/Users/tuananh/Desktop/CMS/node_modules/arrowjs/node_modules/sequelize/node_modules/bluebird/js/release/util.js:16:23)\n    at Promise._settlePromiseFromHandler (/Users/tuananh/Desktop/CMS/node_modules/arrowjs/node_modules/sequelize/node_modules/bluebird/js/release/promise.js:503:31)\n    at Promise._settlePromise (/Users/tuananh/Desktop/CMS/node_modules/arrowjs/node_modules/sequelize/node_modules/bluebird/js/release/promise.js:560:18)\n    at Promise._settlePromise0 (/Users/tuananh/Desktop/CMS/node_modules/arrowjs/node_modules/sequelize/node_modules/bluebird/js/release/promise.js:605:10)\n    at Promise._settlePromises (/Users/tuananh/Desktop/CMS/node_modules/arrowjs/node_modules/sequelize/node_modules/bluebird/js/release/promise.js:684:18)\n    at Async._drainQueue (/Users/tuananh/Desktop/CMS/node_modules/arrowjs/node_modules/sequelize/node_modules/bluebird/js/release/async.js:126:16)\n    at Async._drainQueues (/Users/tuananh/Desktop/CMS/node_modules/arrowjs/node_modules/sequelize/node_modules/bluebird/js/release/async.js:136:10)\n    at Immediate.Async.drainQueues [as _onImmediate] (/Users/tuananh/Desktop/CMS/node_modules/arrowjs/node_modules/sequelize/node_modules/bluebird/js/release/async.js:16:14)\n    at processImmediate [as _immediateCallback] (timers.js:371:17)","level":"error","timestamp":"2016-03-09T07:01:04.135Z"}
{"message":"Cannot read property 'split' of undefined","stack":"TypeError: Cannot read property 'split' of undefined\n    at null.<anonymous> (/Users/tuananh/Desktop/CMS/features/quiz/backend/controllers/quiz.js:227:45)\n    at tryCatcher (/Users/tuananh/Desktop/CMS/node_modules/arrowjs/node_modules/sequelize/node_modules/bluebird/js/release/util.js:16:23)\n    at Promise._settlePromiseFromHandler (/Users/tuananh/Desktop/CMS/node_modules/arrowjs/node_modules/sequelize/node_modules/bluebird/js/release/promise.js:503:31)\n    at Promise._settlePromise (/Users/tuananh/Desktop/CMS/node_modules/arrowjs/node_modules/sequelize/node_modules/bluebird/js/release/promise.js:560:18)\n    at Promise._settlePromise0 (/Users/tuananh/Desktop/CMS/node_modules/arrowjs/node_modules/sequelize/node_modules/bluebird/js/release/promise.js:605:10)\n    at Promise._settlePromises (/Users/tuananh/Desktop/CMS/node_modules/arrowjs/node_modules/sequelize/node_modules/bluebird/js/release/promise.js:684:18)\n    at Async._drainQueue (/Users/tuananh/Desktop/CMS/node_modules/arrowjs/node_modules/sequelize/node_modules/bluebird/js/release/async.js:126:16)\n    at Async._drainQueues (/Users/tuananh/Desktop/CMS/node_modules/arrowjs/node_modules/sequelize/node_modules/bluebird/js/release/async.js:136:10)\n    at Immediate.Async.drainQueues [as _onImmediate] (/Users/tuananh/Desktop/CMS/node_modules/arrowjs/node_modules/sequelize/node_modules/bluebird/js/release/async.js:16:14)\n    at processImmediate [as _immediateCallback] (timers.js:371:17)","level":"error","timestamp":"2016-03-09T07:01:38.927Z"}
{"level":"info","message":"Arrow loaded: 'feature' - 'plugins'","timestamp":"2016-03-09T07:02:06.705Z"}
{"level":"info","message":"Arrow loaded: 'feature' - 'blog'","timestamp":"2016-03-09T07:02:06.709Z"}
{"level":"info","message":"Arrow loaded: 'feature' - 'configuration'","timestamp":"2016-03-09T07:02:06.717Z"}
{"level":"info","message":"Arrow loaded: 'feature' - 'dashboard'","timestamp":"2016-03-09T07:02:06.717Z"}
{"level":"info","message":"Arrow loaded: 'feature' - 'login'","timestamp":"2016-03-09T07:02:06.718Z"}
{"level":"info","message":"Arrow loaded: 'feature' - 'menu'","timestamp":"2016-03-09T07:02:06.719Z"}
{"level":"info","message":"Arrow loaded: 'feature' - 'category'","timestamp":"2016-03-09T07:02:06.720Z"}
{"level":"info","message":"Arrow loaded: 'feature' - 'quiz'","timestamp":"2016-03-09T07:02:06.720Z"}
{"level":"info","message":"Arrow loaded: 'feature' - 'roles'","timestamp":"2016-03-09T07:02:06.723Z"}
{"level":"info","message":"Arrow loaded: 'feature' - 'upload'","timestamp":"2016-03-09T07:02:06.726Z"}
{"level":"info","message":"Arrow loaded: 'feature' - 'users'","timestamp":"2016-03-09T07:02:06.729Z"}
{"level":"info","message":"Arrow loaded: 'feature' - 'widgets'","timestamp":"2016-03-09T07:02:06.733Z"}
{"level":"info","message":"Arrow loaded: 'widget' - 'categories'","timestamp":"2016-03-09T07:02:06.735Z"}
{"level":"info","message":"Arrow loaded: 'widget' - 'custom_html'","timestamp":"2016-03-09T07:02:06.735Z"}
{"level":"info","message":"Arrow loaded: 'widget' - 'facebook_comments'","timestamp":"2016-03-09T07:02:06.736Z"}
{"level":"info","message":"Arrow loaded: 'widget' - 'facebook_like'","timestamp":"2016-03-09T07:02:06.736Z"}
{"level":"info","message":"Arrow loaded: 'widget' - 'facebook_share'","timestamp":"2016-03-09T07:02:06.736Z"}
{"level":"info","message":"Arrow loaded: 'widget' - 'menus'","timestamp":"2016-03-09T07:02:06.736Z"}
{"level":"info","message":"Arrow loaded: 'widget' - 'picked_posts'","timestamp":"2016-03-09T07:02:06.736Z"}
{"level":"info","message":"Arrow loaded: 'widget' - 'recent_posts'","timestamp":"2016-03-09T07:02:06.736Z"}
{"level":"info","message":"Arrow loaded: 'widget' - 'search'","timestamp":"2016-03-09T07:02:06.737Z"}
{"level":"info","message":"Arrow loaded: 'plugin' - 'facebook'","timestamp":"2016-03-09T07:02:06.737Z"}
{"level":"info","message":"Arrow loaded: 'plugin' - 'google_analytics'","timestamp":"2016-03-09T07:02:06.737Z"}
{"level":"info","message":"Arrow loaded: 'plugin' - 'seo'","timestamp":"2016-03-09T07:02:06.737Z"}
{"level":"info","message":"Application loaded using the \"development\" environment configuration","timestamp":"2016-03-09T07:02:06.743Z"}
{"level":"info","message":"Application started on port 1506 , Process ID: 1519","timestamp":"2016-03-09T07:02:06.743Z"}
{"message":"Cannot read property 'split' of undefined","stack":"TypeError: Cannot read property 'split' of undefined\n    at null.<anonymous> (/Users/tuananh/Desktop/CMS/features/quiz/backend/controllers/quiz.js:228:45)\n    at tryCatcher (/Users/tuananh/Desktop/CMS/node_modules/arrowjs/node_modules/sequelize/node_modules/bluebird/js/release/util.js:16:23)\n    at Promise._settlePromiseFromHandler (/Users/tuananh/Desktop/CMS/node_modules/arrowjs/node_modules/sequelize/node_modules/bluebird/js/release/promise.js:503:31)\n    at Promise._settlePromise (/Users/tuananh/Desktop/CMS/node_modules/arrowjs/node_modules/sequelize/node_modules/bluebird/js/release/promise.js:560:18)\n    at Promise._settlePromise0 (/Users/tuananh/Desktop/CMS/node_modules/arrowjs/node_modules/sequelize/node_modules/bluebird/js/release/promise.js:605:10)\n    at Promise._settlePromises (/Users/tuananh/Desktop/CMS/node_modules/arrowjs/node_modules/sequelize/node_modules/bluebird/js/release/promise.js:684:18)\n    at Async._drainQueue (/Users/tuananh/Desktop/CMS/node_modules/arrowjs/node_modules/sequelize/node_modules/bluebird/js/release/async.js:126:16)\n    at Async._drainQueues (/Users/tuananh/Desktop/CMS/node_modules/arrowjs/node_modules/sequelize/node_modules/bluebird/js/release/async.js:136:10)\n    at Immediate.Async.drainQueues [as _onImmediate] (/Users/tuananh/Desktop/CMS/node_modules/arrowjs/node_modules/sequelize/node_modules/bluebird/js/release/async.js:16:14)\n    at processImmediate [as _immediateCallback] (timers.js:371:17)","level":"error","timestamp":"2016-03-09T07:02:50.550Z"}
{"level":"info","message":"Arrow loaded: 'feature' - 'plugins'","timestamp":"2016-03-09T07:03:24.879Z"}
{"level":"info","message":"Arrow loaded: 'feature' - 'blog'","timestamp":"2016-03-09T07:03:24.884Z"}
{"level":"info","message":"Arrow loaded: 'feature' - 'configuration'","timestamp":"2016-03-09T07:03:24.900Z"}
{"level":"info","message":"Arrow loaded: 'feature' - 'dashboard'","timestamp":"2016-03-09T07:03:24.901Z"}
{"level":"info","message":"Arrow loaded: 'feature' - 'login'","timestamp":"2016-03-09T07:03:24.901Z"}
{"level":"info","message":"Arrow loaded: 'feature' - 'menu'","timestamp":"2016-03-09T07:03:24.902Z"}
{"level":"info","message":"Arrow loaded: 'feature' - 'category'","timestamp":"2016-03-09T07:03:24.904Z"}
{"level":"info","message":"Arrow loaded: 'feature' - 'quiz'","timestamp":"2016-03-09T07:03:24.905Z"}
{"level":"info","message":"Arrow loaded: 'feature' - 'roles'","timestamp":"2016-03-09T07:03:24.909Z"}
{"level":"info","message":"Arrow loaded: 'feature' - 'upload'","timestamp":"2016-03-09T07:03:24.912Z"}
{"level":"info","message":"Arrow loaded: 'feature' - 'users'","timestamp":"2016-03-09T07:03:24.915Z"}
{"level":"info","message":"Arrow loaded: 'feature' - 'widgets'","timestamp":"2016-03-09T07:03:24.921Z"}
{"level":"info","message":"Arrow loaded: 'widget' - 'categories'","timestamp":"2016-03-09T07:03:24.922Z"}
{"level":"info","message":"Arrow loaded: 'widget' - 'custom_html'","timestamp":"2016-03-09T07:03:24.922Z"}
{"level":"info","message":"Arrow loaded: 'widget' - 'facebook_comments'","timestamp":"2016-03-09T07:03:24.922Z"}
{"level":"info","message":"Arrow loaded: 'widget' - 'facebook_like'","timestamp":"2016-03-09T07:03:24.923Z"}
{"level":"info","message":"Arrow loaded: 'widget' - 'facebook_share'","timestamp":"2016-03-09T07:03:24.923Z"}
{"level":"info","message":"Arrow loaded: 'widget' - 'menus'","timestamp":"2016-03-09T07:03:24.923Z"}
{"level":"info","message":"Arrow loaded: 'widget' - 'picked_posts'","timestamp":"2016-03-09T07:03:24.923Z"}
{"level":"info","message":"Arrow loaded: 'widget' - 'recent_posts'","timestamp":"2016-03-09T07:03:24.923Z"}
{"level":"info","message":"Arrow loaded: 'widget' - 'search'","timestamp":"2016-03-09T07:03:24.924Z"}
{"level":"info","message":"Arrow loaded: 'plugin' - 'facebook'","timestamp":"2016-03-09T07:03:24.924Z"}
{"level":"info","message":"Arrow loaded: 'plugin' - 'google_analytics'","timestamp":"2016-03-09T07:03:24.924Z"}
{"level":"info","message":"Arrow loaded: 'plugin' - 'seo'","timestamp":"2016-03-09T07:03:24.924Z"}
{"level":"info","message":"Application loaded using the \"development\" environment configuration","timestamp":"2016-03-09T07:03:24.929Z"}
{"level":"info","message":"Application started on port 1506 , Process ID: 1534","timestamp":"2016-03-09T07:03:24.929Z"}
{"message":"data.answer_text.split is not a function","stack":"TypeError: data.answer_text.split is not a function\n    at null.<anonymous> (/Users/tuananh/Desktop/CMS/features/quiz/backend/controllers/quiz.js:228:47)\n    at tryCatcher (/Users/tuananh/Desktop/CMS/node_modules/arrowjs/node_modules/sequelize/node_modules/bluebird/js/release/util.js:16:23)\n    at Promise._settlePromiseFromHandler (/Users/tuananh/Desktop/CMS/node_modules/arrowjs/node_modules/sequelize/node_modules/bluebird/js/release/promise.js:503:31)\n    at Promise._settlePromise (/Users/tuananh/Desktop/CMS/node_modules/arrowjs/node_modules/sequelize/node_modules/bluebird/js/release/promise.js:560:18)\n    at Promise._settlePromise0 (/Users/tuananh/Desktop/CMS/node_modules/arrowjs/node_modules/sequelize/node_modules/bluebird/js/release/promise.js:605:10)\n    at Promise._settlePromises (/Users/tuananh/Desktop/CMS/node_modules/arrowjs/node_modules/sequelize/node_modules/bluebird/js/release/promise.js:684:18)\n    at Async._drainQueue (/Users/tuananh/Desktop/CMS/node_modules/arrowjs/node_modules/sequelize/node_modules/bluebird/js/release/async.js:126:16)\n    at Async._drainQueues (/Users/tuananh/Desktop/CMS/node_modules/arrowjs/node_modules/sequelize/node_modules/bluebird/js/release/async.js:136:10)\n    at Immediate.Async.drainQueues [as _onImmediate] (/Users/tuananh/Desktop/CMS/node_modules/arrowjs/node_modules/sequelize/node_modules/bluebird/js/release/async.js:16:14)\n    at processImmediate [as _immediateCallback] (timers.js:371:17)","level":"error","timestamp":"2016-03-09T07:03:36.044Z"}
{"level":"info","message":"Arrow loaded: 'feature' - 'plugins'","timestamp":"2016-03-09T07:07:08.791Z"}
{"level":"info","message":"Arrow loaded: 'feature' - 'blog'","timestamp":"2016-03-09T07:07:08.798Z"}
{"level":"info","message":"Arrow loaded: 'feature' - 'configuration'","timestamp":"2016-03-09T07:07:08.820Z"}
{"level":"info","message":"Arrow loaded: 'feature' - 'dashboard'","timestamp":"2016-03-09T07:07:08.822Z"}
{"level":"info","message":"Arrow loaded: 'feature' - 'login'","timestamp":"2016-03-09T07:07:08.822Z"}
{"level":"info","message":"Arrow loaded: 'feature' - 'menu'","timestamp":"2016-03-09T07:07:08.825Z"}
{"level":"info","message":"Arrow loaded: 'feature' - 'category'","timestamp":"2016-03-09T07:07:08.830Z"}
{"level":"info","message":"Arrow loaded: 'feature' - 'quiz'","timestamp":"2016-03-09T07:07:08.830Z"}
{"level":"info","message":"Arrow loaded: 'feature' - 'roles'","timestamp":"2016-03-09T07:07:08.834Z"}
{"level":"info","message":"Arrow loaded: 'feature' - 'upload'","timestamp":"2016-03-09T07:07:08.841Z"}
{"level":"info","message":"Arrow loaded: 'feature' - 'users'","timestamp":"2016-03-09T07:07:08.845Z"}
{"level":"info","message":"Arrow loaded: 'feature' - 'widgets'","timestamp":"2016-03-09T07:07:08.852Z"}
{"level":"info","message":"Arrow loaded: 'widget' - 'categories'","timestamp":"2016-03-09T07:07:08.853Z"}
{"level":"info","message":"Arrow loaded: 'widget' - 'custom_html'","timestamp":"2016-03-09T07:07:08.854Z"}
{"level":"info","message":"Arrow loaded: 'widget' - 'facebook_comments'","timestamp":"2016-03-09T07:07:08.854Z"}
{"level":"info","message":"Arrow loaded: 'widget' - 'facebook_like'","timestamp":"2016-03-09T07:07:08.854Z"}
{"level":"info","message":"Arrow loaded: 'widget' - 'facebook_share'","timestamp":"2016-03-09T07:07:08.854Z"}
{"level":"info","message":"Arrow loaded: 'widget' - 'menus'","timestamp":"2016-03-09T07:07:08.854Z"}
{"level":"info","message":"Arrow loaded: 'widget' - 'picked_posts'","timestamp":"2016-03-09T07:07:08.854Z"}
{"level":"info","message":"Arrow loaded: 'widget' - 'recent_posts'","timestamp":"2016-03-09T07:07:08.855Z"}
{"level":"info","message":"Arrow loaded: 'widget' - 'search'","timestamp":"2016-03-09T07:07:08.855Z"}
{"level":"info","message":"Arrow loaded: 'plugin' - 'facebook'","timestamp":"2016-03-09T07:07:08.855Z"}
{"level":"info","message":"Arrow loaded: 'plugin' - 'google_analytics'","timestamp":"2016-03-09T07:07:08.855Z"}
{"level":"info","message":"Arrow loaded: 'plugin' - 'seo'","timestamp":"2016-03-09T07:07:08.855Z"}
{"level":"info","message":"Application loaded using the \"development\" environment configuration","timestamp":"2016-03-09T07:07:08.862Z"}
{"level":"info","message":"Application started on port 1506 , Process ID: 1577","timestamp":"2016-03-09T07:07:08.862Z"}
{"message":"data.answer_text.split is not a function","stack":"TypeError: data.answer_text.split is not a function\n    at null.<anonymous> (/Users/tuananh/Desktop/CMS/features/quiz/backend/controllers/quiz.js:228:47)\n    at tryCatcher (/Users/tuananh/Desktop/CMS/node_modules/arrowjs/node_modules/sequelize/node_modules/bluebird/js/release/util.js:16:23)\n    at Promise._settlePromiseFromHandler (/Users/tuananh/Desktop/CMS/node_modules/arrowjs/node_modules/sequelize/node_modules/bluebird/js/release/promise.js:503:31)\n    at Promise._settlePromise (/Users/tuananh/Desktop/CMS/node_modules/arrowjs/node_modules/sequelize/node_modules/bluebird/js/release/promise.js:560:18)\n    at Promise._settlePromise0 (/Users/tuananh/Desktop/CMS/node_modules/arrowjs/node_modules/sequelize/node_modules/bluebird/js/release/promise.js:605:10)\n    at Promise._settlePromises (/Users/tuananh/Desktop/CMS/node_modules/arrowjs/node_modules/sequelize/node_modules/bluebird/js/release/promise.js:684:18)\n    at Async._drainQueue (/Users/tuananh/Desktop/CMS/node_modules/arrowjs/node_modules/sequelize/node_modules/bluebird/js/release/async.js:126:16)\n    at Async._drainQueues (/Users/tuananh/Desktop/CMS/node_modules/arrowjs/node_modules/sequelize/node_modules/bluebird/js/release/async.js:136:10)\n    at Immediate.Async.drainQueues [as _onImmediate] (/Users/tuananh/Desktop/CMS/node_modules/arrowjs/node_modules/sequelize/node_modules/bluebird/js/release/async.js:16:14)\n    at processImmediate [as _immediateCallback] (timers.js:371:17)","level":"error","timestamp":"2016-03-09T07:07:24.468Z"}
{"level":"info","message":"Arrow loaded: 'feature' - 'plugins'","timestamp":"2016-03-09T07:18:06.179Z"}
{"level":"info","message":"Arrow loaded: 'feature' - 'blog'","timestamp":"2016-03-09T07:18:06.203Z"}
{"level":"info","message":"Arrow loaded: 'feature' - 'configuration'","timestamp":"2016-03-09T07:18:06.225Z"}
{"level":"info","message":"Arrow loaded: 'feature' - 'dashboard'","timestamp":"2016-03-09T07:18:06.227Z"}
{"level":"info","message":"Arrow loaded: 'feature' - 'login'","timestamp":"2016-03-09T07:18:06.228Z"}
{"level":"info","message":"Arrow loaded: 'feature' - 'menu'","timestamp":"2016-03-09T07:18:06.229Z"}
{"level":"info","message":"Arrow loaded: 'feature' - 'category'","timestamp":"2016-03-09T07:18:06.234Z"}
{"level":"info","message":"Arrow loaded: 'feature' - 'quiz'","timestamp":"2016-03-09T07:18:06.235Z"}
{"level":"info","message":"Arrow loaded: 'feature' - 'roles'","timestamp":"2016-03-09T07:18:06.239Z"}
{"level":"info","message":"Arrow loaded: 'feature' - 'upload'","timestamp":"2016-03-09T07:18:06.243Z"}
{"level":"info","message":"Arrow loaded: 'feature' - 'users'","timestamp":"2016-03-09T07:18:06.246Z"}
{"level":"info","message":"Arrow loaded: 'feature' - 'widgets'","timestamp":"2016-03-09T07:18:06.255Z"}
{"level":"info","message":"Arrow loaded: 'widget' - 'categories'","timestamp":"2016-03-09T07:18:06.257Z"}
{"level":"info","message":"Arrow loaded: 'widget' - 'custom_html'","timestamp":"2016-03-09T07:18:06.258Z"}
{"level":"info","message":"Arrow loaded: 'widget' - 'facebook_comments'","timestamp":"2016-03-09T07:18:06.258Z"}
{"level":"info","message":"Arrow loaded: 'widget' - 'facebook_like'","timestamp":"2016-03-09T07:18:06.258Z"}
{"level":"info","message":"Arrow loaded: 'widget' - 'facebook_share'","timestamp":"2016-03-09T07:18:06.258Z"}
{"level":"info","message":"Arrow loaded: 'widget' - 'menus'","timestamp":"2016-03-09T07:18:06.258Z"}
{"level":"info","message":"Arrow loaded: 'widget' - 'picked_posts'","timestamp":"2016-03-09T07:18:06.259Z"}
{"level":"info","message":"Arrow loaded: 'widget' - 'recent_posts'","timestamp":"2016-03-09T07:18:06.259Z"}
{"level":"info","message":"Arrow loaded: 'widget' - 'search'","timestamp":"2016-03-09T07:18:06.259Z"}
{"level":"info","message":"Arrow loaded: 'plugin' - 'facebook'","timestamp":"2016-03-09T07:18:06.259Z"}
{"level":"info","message":"Arrow loaded: 'plugin' - 'google_analytics'","timestamp":"2016-03-09T07:18:06.259Z"}
{"level":"info","message":"Arrow loaded: 'plugin' - 'seo'","timestamp":"2016-03-09T07:18:06.260Z"}
{"level":"info","message":"Application loaded using the \"development\" environment configuration","timestamp":"2016-03-09T07:18:06.268Z"}
{"level":"info","message":"Application started on port 1506 , Process ID: 2194","timestamp":"2016-03-09T07:18:06.268Z"}
{"level":"info","message":"Arrow loaded: 'feature' - 'plugins'","timestamp":"2016-03-09T07:18:18.133Z"}
{"level":"info","message":"Arrow loaded: 'feature' - 'blog'","timestamp":"2016-03-09T07:18:18.143Z"}
{"level":"info","message":"Arrow loaded: 'feature' - 'configuration'","timestamp":"2016-03-09T07:18:18.170Z"}
{"level":"info","message":"Arrow loaded: 'feature' - 'dashboard'","timestamp":"2016-03-09T07:18:18.173Z"}
{"level":"info","message":"Arrow loaded: 'feature' - 'login'","timestamp":"2016-03-09T07:18:18.175Z"}
{"level":"info","message":"Arrow loaded: 'feature' - 'menu'","timestamp":"2016-03-09T07:18:18.177Z"}
{"level":"info","message":"Arrow loaded: 'feature' - 'category'","timestamp":"2016-03-09T07:18:18.184Z"}
{"level":"info","message":"Arrow loaded: 'feature' - 'quiz'","timestamp":"2016-03-09T07:18:18.184Z"}
{"level":"info","message":"Arrow loaded: 'feature' - 'roles'","timestamp":"2016-03-09T07:18:18.190Z"}
{"level":"info","message":"Arrow loaded: 'feature' - 'upload'","timestamp":"2016-03-09T07:18:18.227Z"}
{"level":"info","message":"Arrow loaded: 'feature' - 'users'","timestamp":"2016-03-09T07:18:18.232Z"}
{"level":"info","message":"Arrow loaded: 'feature' - 'widgets'","timestamp":"2016-03-09T07:18:18.240Z"}
{"level":"info","message":"Arrow loaded: 'widget' - 'categories'","timestamp":"2016-03-09T07:18:18.242Z"}
{"level":"info","message":"Arrow loaded: 'widget' - 'custom_html'","timestamp":"2016-03-09T07:18:18.242Z"}
{"level":"info","message":"Arrow loaded: 'widget' - 'facebook_comments'","timestamp":"2016-03-09T07:18:18.242Z"}
{"level":"info","message":"Arrow loaded: 'widget' - 'facebook_like'","timestamp":"2016-03-09T07:18:18.242Z"}
{"level":"info","message":"Arrow loaded: 'widget' - 'facebook_share'","timestamp":"2016-03-09T07:18:18.242Z"}
{"level":"info","message":"Arrow loaded: 'widget' - 'menus'","timestamp":"2016-03-09T07:18:18.242Z"}
{"level":"info","message":"Arrow loaded: 'widget' - 'picked_posts'","timestamp":"2016-03-09T07:18:18.243Z"}
{"level":"info","message":"Arrow loaded: 'widget' - 'recent_posts'","timestamp":"2016-03-09T07:18:18.243Z"}
{"level":"info","message":"Arrow loaded: 'widget' - 'search'","timestamp":"2016-03-09T07:18:18.243Z"}
{"level":"info","message":"Arrow loaded: 'plugin' - 'facebook'","timestamp":"2016-03-09T07:18:18.243Z"}
{"level":"info","message":"Arrow loaded: 'plugin' - 'google_analytics'","timestamp":"2016-03-09T07:18:18.243Z"}
{"level":"info","message":"Arrow loaded: 'plugin' - 'seo'","timestamp":"2016-03-09T07:18:18.243Z"}
{"level":"info","message":"Application loaded using the \"development\" environment configuration","timestamp":"2016-03-09T07:18:18.252Z"}
{"level":"info","message":"Application started on port 1506 , Process ID: 2837","timestamp":"2016-03-09T07:18:18.253Z"}
{"message":"data.answer_text.split is not a function","stack":"TypeError: data.answer_text.split is not a function\n    at null.<anonymous> (/Users/tuananh/Desktop/CMS/features/quiz/backend/controllers/quiz.js:228:47)\n    at tryCatcher (/Users/tuananh/Desktop/CMS/node_modules/arrowjs/node_modules/sequelize/node_modules/bluebird/js/release/util.js:16:23)\n    at Promise._settlePromiseFromHandler (/Users/tuananh/Desktop/CMS/node_modules/arrowjs/node_modules/sequelize/node_modules/bluebird/js/release/promise.js:503:31)\n    at Promise._settlePromise (/Users/tuananh/Desktop/CMS/node_modules/arrowjs/node_modules/sequelize/node_modules/bluebird/js/release/promise.js:560:18)\n    at Promise._settlePromise0 (/Users/tuananh/Desktop/CMS/node_modules/arrowjs/node_modules/sequelize/node_modules/bluebird/js/release/promise.js:605:10)\n    at Promise._settlePromises (/Users/tuananh/Desktop/CMS/node_modules/arrowjs/node_modules/sequelize/node_modules/bluebird/js/release/promise.js:684:18)\n    at Async._drainQueue (/Users/tuananh/Desktop/CMS/node_modules/arrowjs/node_modules/sequelize/node_modules/bluebird/js/release/async.js:126:16)\n    at Async._drainQueues (/Users/tuananh/Desktop/CMS/node_modules/arrowjs/node_modules/sequelize/node_modules/bluebird/js/release/async.js:136:10)\n    at Immediate.Async.drainQueues [as _onImmediate] (/Users/tuananh/Desktop/CMS/node_modules/arrowjs/node_modules/sequelize/node_modules/bluebird/js/release/async.js:16:14)\n    at processImmediate [as _immediateCallback] (timers.js:371:17)","level":"error","timestamp":"2016-03-09T07:28:42.485Z"}
{"message":"data.answer_text.split is not a function","stack":"TypeError: data.answer_text.split is not a function\n    at null.<anonymous> (/Users/tuananh/Desktop/CMS/features/quiz/backend/controllers/quiz.js:228:47)\n    at tryCatcher (/Users/tuananh/Desktop/CMS/node_modules/arrowjs/node_modules/sequelize/node_modules/bluebird/js/release/util.js:16:23)\n    at Promise._settlePromiseFromHandler (/Users/tuananh/Desktop/CMS/node_modules/arrowjs/node_modules/sequelize/node_modules/bluebird/js/release/promise.js:503:31)\n    at Promise._settlePromise (/Users/tuananh/Desktop/CMS/node_modules/arrowjs/node_modules/sequelize/node_modules/bluebird/js/release/promise.js:560:18)\n    at Promise._settlePromise0 (/Users/tuananh/Desktop/CMS/node_modules/arrowjs/node_modules/sequelize/node_modules/bluebird/js/release/promise.js:605:10)\n    at Promise._settlePromises (/Users/tuananh/Desktop/CMS/node_modules/arrowjs/node_modules/sequelize/node_modules/bluebird/js/release/promise.js:684:18)\n    at Async._drainQueue (/Users/tuananh/Desktop/CMS/node_modules/arrowjs/node_modules/sequelize/node_modules/bluebird/js/release/async.js:126:16)\n    at Async._drainQueues (/Users/tuananh/Desktop/CMS/node_modules/arrowjs/node_modules/sequelize/node_modules/bluebird/js/release/async.js:136:10)\n    at Immediate.Async.drainQueues [as _onImmediate] (/Users/tuananh/Desktop/CMS/node_modules/arrowjs/node_modules/sequelize/node_modules/bluebird/js/release/async.js:16:14)\n    at processImmediate [as _immediateCallback] (timers.js:371:17)","level":"error","timestamp":"2016-03-09T07:31:55.718Z"}
{"level":"info","message":"Arrow loaded: 'feature' - 'plugins'","timestamp":"2016-03-09T07:34:12.165Z"}
{"level":"info","message":"Arrow loaded: 'feature' - 'blog'","timestamp":"2016-03-09T07:34:12.169Z"}
{"level":"info","message":"Arrow loaded: 'feature' - 'configuration'","timestamp":"2016-03-09T07:34:12.177Z"}
{"level":"info","message":"Arrow loaded: 'feature' - 'dashboard'","timestamp":"2016-03-09T07:34:12.178Z"}
{"level":"info","message":"Arrow loaded: 'feature' - 'login'","timestamp":"2016-03-09T07:34:12.178Z"}
{"level":"info","message":"Arrow loaded: 'feature' - 'menu'","timestamp":"2016-03-09T07:34:12.179Z"}
{"level":"info","message":"Arrow loaded: 'feature' - 'category'","timestamp":"2016-03-09T07:34:12.181Z"}
{"level":"info","message":"Arrow loaded: 'feature' - 'quiz'","timestamp":"2016-03-09T07:34:12.181Z"}
{"level":"info","message":"Arrow loaded: 'feature' - 'roles'","timestamp":"2016-03-09T07:34:12.185Z"}
{"level":"info","message":"Arrow loaded: 'feature' - 'upload'","timestamp":"2016-03-09T07:34:12.188Z"}
{"level":"info","message":"Arrow loaded: 'feature' - 'users'","timestamp":"2016-03-09T07:34:12.190Z"}
{"level":"info","message":"Arrow loaded: 'feature' - 'widgets'","timestamp":"2016-03-09T07:34:12.195Z"}
{"level":"info","message":"Arrow loaded: 'widget' - 'categories'","timestamp":"2016-03-09T07:34:12.196Z"}
{"level":"info","message":"Arrow loaded: 'widget' - 'custom_html'","timestamp":"2016-03-09T07:34:12.196Z"}
{"level":"info","message":"Arrow loaded: 'widget' - 'facebook_comments'","timestamp":"2016-03-09T07:34:12.196Z"}
{"level":"info","message":"Arrow loaded: 'widget' - 'facebook_like'","timestamp":"2016-03-09T07:34:12.196Z"}
{"level":"info","message":"Arrow loaded: 'widget' - 'facebook_share'","timestamp":"2016-03-09T07:34:12.196Z"}
{"level":"info","message":"Arrow loaded: 'widget' - 'menus'","timestamp":"2016-03-09T07:34:12.196Z"}
{"level":"info","message":"Arrow loaded: 'widget' - 'picked_posts'","timestamp":"2016-03-09T07:34:12.197Z"}
{"level":"info","message":"Arrow loaded: 'widget' - 'recent_posts'","timestamp":"2016-03-09T07:34:12.197Z"}
{"level":"info","message":"Arrow loaded: 'widget' - 'search'","timestamp":"2016-03-09T07:34:12.197Z"}
{"level":"info","message":"Arrow loaded: 'plugin' - 'facebook'","timestamp":"2016-03-09T07:34:12.197Z"}
{"level":"info","message":"Arrow loaded: 'plugin' - 'google_analytics'","timestamp":"2016-03-09T07:34:12.197Z"}
{"level":"info","message":"Arrow loaded: 'plugin' - 'seo'","timestamp":"2016-03-09T07:34:12.197Z"}
{"level":"info","message":"Application loaded using the \"development\" environment configuration","timestamp":"2016-03-09T07:34:12.203Z"}
{"level":"info","message":"Application started on port 1506 , Process ID: 3273","timestamp":"2016-03-09T07:34:12.203Z"}
{"message":"invalid input syntax for integer: \"Khng\"","name":"SequelizeDatabaseError","stack":"SequelizeDatabaseError: invalid input syntax for integer: \"Khng\"\n    at Query.formatError (/Users/tuananh/Desktop/CMS/node_modules/arrowjs/node_modules/sequelize/lib/dialects/postgres/query.js:357:14)\n    at null.<anonymous> (/Users/tuananh/Desktop/CMS/node_modules/arrowjs/node_modules/sequelize/lib/dialects/postgres/query.js:88:19)\n    at emitOne (events.js:77:13)\n    at emit (events.js:169:7)\n    at Query.handleError (/Users/tuananh/Desktop/CMS/node_modules/arrowjs/node_modules/pg/lib/query.js:108:8)\n    at null.<anonymous> (/Users/tuananh/Desktop/CMS/node_modules/arrowjs/node_modules/pg/lib/client.js:171:26)\n    at emitOne (events.js:77:13)\n    at emit (events.js:169:7)\n    at Socket.<anonymous> (/Users/tuananh/Desktop/CMS/node_modules/arrowjs/node_modules/pg/lib/connection.js:109:12)\n    at emitOne (events.js:77:13)\n    at Socket.emit (events.js:169:7)\n    at readableAddChunk (_stream_readable.js:146:16)\n    at Socket.Readable.push (_stream_readable.js:110:10)\n    at TCP.onread (net.js:523:20)","parent":{"name":"error","length":90,"severity":"ERROR","code":"22P02","position":"170","file":"int8.c","line":"99","routine":"scanint8","sql":"SELECT \"id\", \"quiz_id\", \"answer_text\", \"status\", \"created_at\", \"created_by\", \"modified_at\", \"modified_by\" FROM \"quiz_answer\" AS \"quiz_answer\" WHERE \"quiz_answer\".\"id\" = 'Khng';"},"original":{"name":"error","length":90,"severity":"ERROR","code":"22P02","position":"170","file":"int8.c","line":"99","routine":"scanint8","sql":"SELECT \"id\", \"quiz_id\", \"answer_text\", \"status\", \"created_at\", \"created_by\", \"modified_at\", \"modified_by\" FROM \"quiz_answer\" AS \"quiz_answer\" WHERE \"quiz_answer\".\"id\" = 'Khng';"},"sql":"SELECT \"id\", \"quiz_id\", \"answer_text\", \"status\", \"created_at\", \"created_by\", \"modified_at\", \"modified_by\" FROM \"quiz_answer\" AS \"quiz_answer\" WHERE \"quiz_answer\".\"id\" = 'Khng';","level":"error","timestamp":"2016-03-09T07:34:25.341Z"}
{"level":"info","message":"Arrow loaded: 'feature' - 'plugins'","timestamp":"2016-03-09T07:34:40.198Z"}
{"level":"info","message":"Arrow loaded: 'feature' - 'blog'","timestamp":"2016-03-09T07:34:40.203Z"}
{"level":"info","message":"Arrow loaded: 'feature' - 'configuration'","timestamp":"2016-03-09T07:34:40.212Z"}
{"level":"info","message":"Arrow loaded: 'feature' - 'dashboard'","timestamp":"2016-03-09T07:34:40.213Z"}
{"level":"info","message":"Arrow loaded: 'feature' - 'login'","timestamp":"2016-03-09T07:34:40.213Z"}
{"level":"info","message":"Arrow loaded: 'feature' - 'menu'","timestamp":"2016-03-09T07:34:40.215Z"}
{"level":"info","message":"Arrow loaded: 'feature' - 'category'","timestamp":"2016-03-09T07:34:40.217Z"}
{"level":"info","message":"Arrow loaded: 'feature' - 'quiz'","timestamp":"2016-03-09T07:34:40.218Z"}
{"level":"info","message":"Arrow loaded: 'feature' - 'roles'","timestamp":"2016-03-09T07:34:40.221Z"}
{"level":"info","message":"Arrow loaded: 'feature' - 'upload'","timestamp":"2016-03-09T07:34:40.225Z"}
{"level":"info","message":"Arrow loaded: 'feature' - 'users'","timestamp":"2016-03-09T07:34:40.228Z"}
{"level":"info","message":"Arrow loaded: 'feature' - 'widgets'","timestamp":"2016-03-09T07:34:40.235Z"}
{"level":"info","message":"Arrow loaded: 'widget' - 'categories'","timestamp":"2016-03-09T07:34:40.236Z"}
{"level":"info","message":"Arrow loaded: 'widget' - 'custom_html'","timestamp":"2016-03-09T07:34:40.236Z"}
{"level":"info","message":"Arrow loaded: 'widget' - 'facebook_comments'","timestamp":"2016-03-09T07:34:40.237Z"}
{"level":"info","message":"Arrow loaded: 'widget' - 'facebook_like'","timestamp":"2016-03-09T07:34:40.237Z"}
{"level":"info","message":"Arrow loaded: 'widget' - 'facebook_share'","timestamp":"2016-03-09T07:34:40.237Z"}
{"level":"info","message":"Arrow loaded: 'widget' - 'menus'","timestamp":"2016-03-09T07:34:40.237Z"}
{"level":"info","message":"Arrow loaded: 'widget' - 'picked_posts'","timestamp":"2016-03-09T07:34:40.237Z"}
{"level":"info","message":"Arrow loaded: 'widget' - 'recent_posts'","timestamp":"2016-03-09T07:34:40.238Z"}
{"level":"info","message":"Arrow loaded: 'widget' - 'search'","timestamp":"2016-03-09T07:34:40.238Z"}
{"level":"info","message":"Arrow loaded: 'plugin' - 'facebook'","timestamp":"2016-03-09T07:34:40.238Z"}
{"level":"info","message":"Arrow loaded: 'plugin' - 'google_analytics'","timestamp":"2016-03-09T07:34:40.238Z"}
{"level":"info","message":"Arrow loaded: 'plugin' - 'seo'","timestamp":"2016-03-09T07:34:40.238Z"}
{"level":"info","message":"Application loaded using the \"development\" environment configuration","timestamp":"2016-03-09T07:34:40.244Z"}
{"level":"info","message":"Application started on port 1506 , Process ID: 3283","timestamp":"2016-03-09T07:34:40.244Z"}
{"level":"info","message":"Arrow loaded: 'feature' - 'plugins'","timestamp":"2016-03-09T07:38:28.473Z"}
{"level":"info","message":"Arrow loaded: 'feature' - 'blog'","timestamp":"2016-03-09T07:38:28.479Z"}
{"level":"info","message":"Arrow loaded: 'feature' - 'configuration'","timestamp":"2016-03-09T07:38:28.492Z"}
{"level":"info","message":"Arrow loaded: 'feature' - 'dashboard'","timestamp":"2016-03-09T07:38:28.493Z"}
{"level":"info","message":"Arrow loaded: 'feature' - 'login'","timestamp":"2016-03-09T07:38:28.493Z"}
{"level":"info","message":"Arrow loaded: 'feature' - 'menu'","timestamp":"2016-03-09T07:38:28.494Z"}
{"level":"info","message":"Arrow loaded: 'feature' - 'category'","timestamp":"2016-03-09T07:38:28.497Z"}
{"level":"info","message":"Arrow loaded: 'feature' - 'quiz'","timestamp":"2016-03-09T07:38:28.497Z"}
{"level":"info","message":"Arrow loaded: 'feature' - 'roles'","timestamp":"2016-03-09T07:38:28.499Z"}
{"level":"info","message":"Arrow loaded: 'feature' - 'upload'","timestamp":"2016-03-09T07:38:28.503Z"}
{"level":"info","message":"Arrow loaded: 'feature' - 'users'","timestamp":"2016-03-09T07:38:28.505Z"}
{"level":"info","message":"Arrow loaded: 'feature' - 'widgets'","timestamp":"2016-03-09T07:38:28.508Z"}
{"level":"info","message":"Arrow loaded: 'widget' - 'categories'","timestamp":"2016-03-09T07:38:28.510Z"}
{"level":"info","message":"Arrow loaded: 'widget' - 'custom_html'","timestamp":"2016-03-09T07:38:28.510Z"}
{"level":"info","message":"Arrow loaded: 'widget' - 'facebook_comments'","timestamp":"2016-03-09T07:38:28.510Z"}
{"level":"info","message":"Arrow loaded: 'widget' - 'facebook_like'","timestamp":"2016-03-09T07:38:28.510Z"}
{"level":"info","message":"Arrow loaded: 'widget' - 'facebook_share'","timestamp":"2016-03-09T07:38:28.510Z"}
{"level":"info","message":"Arrow loaded: 'widget' - 'menus'","timestamp":"2016-03-09T07:38:28.510Z"}
{"level":"info","message":"Arrow loaded: 'widget' - 'picked_posts'","timestamp":"2016-03-09T07:38:28.510Z"}
{"level":"info","message":"Arrow loaded: 'widget' - 'recent_posts'","timestamp":"2016-03-09T07:38:28.510Z"}
{"level":"info","message":"Arrow loaded: 'widget' - 'search'","timestamp":"2016-03-09T07:38:28.510Z"}
{"level":"info","message":"Arrow loaded: 'plugin' - 'facebook'","timestamp":"2016-03-09T07:38:28.511Z"}
{"level":"info","message":"Arrow loaded: 'plugin' - 'google_analytics'","timestamp":"2016-03-09T07:38:28.511Z"}
{"level":"info","message":"Arrow loaded: 'plugin' - 'seo'","timestamp":"2016-03-09T07:38:28.511Z"}
{"level":"info","message":"Application loaded using the \"development\" environment configuration","timestamp":"2016-03-09T07:38:28.517Z"}
{"level":"info","message":"Application started on port 1506 , Process ID: 3319","timestamp":"2016-03-09T07:38:28.517Z"}
